{"/Users/piotrsikora/__special/OSBZB/bzbeelder-be/core/helpers/__test__/CRUDHelper.spec.js":{"path":"/Users/piotrsikora/__special/OSBZB/bzbeelder-be/core/helpers/__test__/CRUDHelper.spec.js","statementMap":{"0":{"start":{"line":1,"column":17},"end":{"line":1,"column":36}},"1":{"start":{"line":2,"column":15},"end":{"line":2,"column":30}},"2":{"start":{"line":3,"column":19},"end":{"line":3,"column":43}},"3":{"start":{"line":4,"column":20},"end":{"line":4,"column":45}},"4":{"start":{"line":5,"column":15},"end":{"line":5,"column":37}},"5":{"start":{"line":7,"column":15},"end":{"line":23,"column":2}},"6":{"start":{"line":25,"column":12},"end":{"line":25,"column":48}},"7":{"start":{"line":27,"column":0},"end":{"line":85,"column":3}},"8":{"start":{"line":28,"column":2},"end":{"line":32,"column":5}},"9":{"start":{"line":29,"column":4},"end":{"line":31,"column":7}},"10":{"start":{"line":30,"column":6},"end":{"line":30,"column":13}},"11":{"start":{"line":34,"column":2},"end":{"line":51,"column":5}},"12":{"start":{"line":35,"column":4},"end":{"line":50,"column":7}},"13":{"start":{"line":36,"column":6},"end":{"line":49,"column":9}},"14":{"start":{"line":37,"column":8},"end":{"line":48,"column":11}},"15":{"start":{"line":38,"column":10},"end":{"line":38,"column":42}},"16":{"start":{"line":39,"column":10},"end":{"line":39,"column":50}},"17":{"start":{"line":40,"column":10},"end":{"line":42,"column":29}},"18":{"start":{"line":43,"column":10},"end":{"line":45,"column":28}},"19":{"start":{"line":46,"column":10},"end":{"line":46,"column":52}},"20":{"start":{"line":47,"column":10},"end":{"line":47,"column":17}},"21":{"start":{"line":53,"column":2},"end":{"line":84,"column":5}},"22":{"start":{"line":54,"column":4},"end":{"line":70,"column":7}},"23":{"start":{"line":55,"column":6},"end":{"line":58,"column":8}},"24":{"start":{"line":57,"column":8},"end":{"line":57,"column":15}},"25":{"start":{"line":72,"column":4},"end":{"line":83,"column":7}},"26":{"start":{"line":73,"column":21},"end":{"line":73,"column":42}},"27":{"start":{"line":75,"column":6},"end":{"line":80,"column":9}},"28":{"start":{"line":77,"column":8},"end":{"line":77,"column":25}},"29":{"start":{"line":79,"column":8},"end":{"line":79,"column":15}}},"fnMap":{"0":{"name":"(anonymous_0)","decl":{"start":{"line":27,"column":23},"end":{"line":27,"column":24}},"loc":{"start":{"line":27,"column":29},"end":{"line":85,"column":1}},"line":27},"1":{"name":"(anonymous_1)","decl":{"start":{"line":28,"column":13},"end":{"line":28,"column":14}},"loc":{"start":{"line":28,"column":21},"end":{"line":32,"column":3}},"line":28},"2":{"name":"(anonymous_2)","decl":{"start":{"line":29,"column":21},"end":{"line":29,"column":22}},"loc":{"start":{"line":29,"column":28},"end":{"line":31,"column":5}},"line":29},"3":{"name":"(anonymous_3)","decl":{"start":{"line":34,"column":43},"end":{"line":34,"column":44}},"loc":{"start":{"line":34,"column":49},"end":{"line":51,"column":3}},"line":34},"4":{"name":"(anonymous_4)","decl":{"start":{"line":35,"column":45},"end":{"line":35,"column":46}},"loc":{"start":{"line":35,"column":53},"end":{"line":50,"column":5}},"line":35},"5":{"name":"(anonymous_5)","decl":{"start":{"line":36,"column":70},"end":{"line":36,"column":71}},"loc":{"start":{"line":36,"column":76},"end":{"line":49,"column":7}},"line":36},"6":{"name":"(anonymous_6)","decl":{"start":{"line":37,"column":23},"end":{"line":37,"column":24}},"loc":{"start":{"line":37,"column":38},"end":{"line":48,"column":9}},"line":37},"7":{"name":"(anonymous_7)","decl":{"start":{"line":53,"column":51},"end":{"line":53,"column":52}},"loc":{"start":{"line":53,"column":57},"end":{"line":84,"column":3}},"line":53},"8":{"name":"(anonymous_8)","decl":{"start":{"line":54,"column":12},"end":{"line":54,"column":13}},"loc":{"start":{"line":54,"column":20},"end":{"line":70,"column":5}},"line":54},"9":{"name":"(anonymous_9)","decl":{"start":{"line":56,"column":12},"end":{"line":56,"column":13}},"loc":{"start":{"line":56,"column":18},"end":{"line":58,"column":7}},"line":56},"10":{"name":"(anonymous_10)","decl":{"start":{"line":72,"column":43},"end":{"line":72,"column":44}},"loc":{"start":{"line":72,"column":51},"end":{"line":83,"column":5}},"line":72},"11":{"name":"(anonymous_11)","decl":{"start":{"line":75,"column":53},"end":{"line":75,"column":54}},"loc":{"start":{"line":75,"column":63},"end":{"line":80,"column":7}},"line":75}},"branchMap":{},"s":{"0":1,"1":1,"2":1,"3":1,"4":1,"5":1,"6":1,"7":1,"8":1,"9":2,"10":2,"11":1,"12":1,"13":1,"14":1,"15":1,"16":1,"17":1,"18":1,"19":1,"20":1,"21":1,"22":1,"23":1,"24":1,"25":1,"26":1,"27":1,"28":1,"29":1},"f":{"0":1,"1":2,"2":2,"3":1,"4":1,"5":1,"6":1,"7":1,"8":1,"9":1,"10":1,"11":1},"b":{},"_coverageSchema":"43e27e138ebf9cfc5966b082cf9a028302ed4184","hash":"9f516d26c5f3c763bbb7f20ea6b942977cf392fd","contentHash":"96fe8ead0501c18a64800f7eaf0ec270d9ea019161e33c2d403f1d6735dcb0ea"},"/Users/piotrsikora/__special/OSBZB/bzbeelder-be/core/helpers/CRUDHelper.js":{"path":"/Users/piotrsikora/__special/OSBZB/bzbeelder-be/core/helpers/CRUDHelper.js","statementMap":{"0":{"start":{"line":2,"column":17},"end":{"line":2,"column":36}},"1":{"start":{"line":4,"column":19},"end":{"line":300,"column":1}},"2":{"start":{"line":10,"column":4},"end":{"line":18,"column":7}},"3":{"start":{"line":11,"column":6},"end":{"line":17,"column":9}},"4":{"start":{"line":12,"column":8},"end":{"line":16,"column":9}},"5":{"start":{"line":13,"column":10},"end":{"line":13,"column":22}},"6":{"start":{"line":15,"column":10},"end":{"line":15,"column":25}},"7":{"start":{"line":21,"column":26},"end":{"line":48,"column":3}},"8":{"start":{"line":22,"column":16},"end":{"line":22,"column":37}},"9":{"start":{"line":24,"column":25},"end":{"line":32,"column":6}},"10":{"start":{"line":25,"column":6},"end":{"line":31,"column":9}},"11":{"start":{"line":26,"column":8},"end":{"line":30,"column":9}},"12":{"start":{"line":27,"column":10},"end":{"line":27,"column":22}},"13":{"start":{"line":29,"column":10},"end":{"line":29,"column":26}},"14":{"start":{"line":34,"column":4},"end":{"line":34,"column":74}},"15":{"start":{"line":35,"column":4},"end":{"line":35,"column":98}},"16":{"start":{"line":36,"column":4},"end":{"line":36,"column":77}},"17":{"start":{"line":37,"column":4},"end":{"line":37,"column":78}},"18":{"start":{"line":39,"column":4},"end":{"line":47,"column":7}},"19":{"start":{"line":40,"column":6},"end":{"line":46,"column":9}},"20":{"start":{"line":41,"column":8},"end":{"line":45,"column":9}},"21":{"start":{"line":42,"column":10},"end":{"line":42,"column":22}},"22":{"start":{"line":44,"column":10},"end":{"line":44,"column":50}},"23":{"start":{"line":97,"column":17},"end":{"line":97,"column":19}},"24":{"start":{"line":100,"column":4},"end":{"line":104,"column":5}},"25":{"start":{"line":101,"column":6},"end":{"line":103,"column":7}},"26":{"start":{"line":102,"column":8},"end":{"line":102,"column":27}},"27":{"start":{"line":106,"column":4},"end":{"line":112,"column":5}},"28":{"start":{"line":107,"column":6},"end":{"line":111,"column":9}},"29":{"start":{"line":108,"column":8},"end":{"line":110,"column":9}},"30":{"start":{"line":109,"column":10},"end":{"line":109,"column":49}},"31":{"start":{"line":114,"column":4},"end":{"line":114,"column":32}},"32":{"start":{"line":116,"column":4},"end":{"line":124,"column":7}},"33":{"start":{"line":117,"column":6},"end":{"line":123,"column":9}},"34":{"start":{"line":118,"column":8},"end":{"line":122,"column":9}},"35":{"start":{"line":119,"column":10},"end":{"line":119,"column":22}},"36":{"start":{"line":121,"column":10},"end":{"line":121,"column":35}},"37":{"start":{"line":134,"column":4},"end":{"line":142,"column":7}},"38":{"start":{"line":135,"column":6},"end":{"line":141,"column":9}},"39":{"start":{"line":136,"column":8},"end":{"line":140,"column":9}},"40":{"start":{"line":137,"column":10},"end":{"line":137,"column":22}},"41":{"start":{"line":139,"column":10},"end":{"line":139,"column":24}},"42":{"start":{"line":152,"column":22},"end":{"line":152,"column":24}},"43":{"start":{"line":153,"column":4},"end":{"line":153,"column":36}},"44":{"start":{"line":155,"column":4},"end":{"line":163,"column":7}},"45":{"start":{"line":156,"column":6},"end":{"line":162,"column":9}},"46":{"start":{"line":157,"column":8},"end":{"line":161,"column":9}},"47":{"start":{"line":158,"column":10},"end":{"line":158,"column":22}},"48":{"start":{"line":160,"column":10},"end":{"line":160,"column":24}},"49":{"start":{"line":173,"column":4},"end":{"line":187,"column":7}},"50":{"start":{"line":174,"column":6},"end":{"line":186,"column":9}},"51":{"start":{"line":175,"column":8},"end":{"line":185,"column":9}},"52":{"start":{"line":176,"column":10},"end":{"line":176,"column":22}},"53":{"start":{"line":178,"column":24},"end":{"line":178,"column":26}},"54":{"start":{"line":180,"column":10},"end":{"line":182,"column":13}},"55":{"start":{"line":181,"column":12},"end":{"line":181,"column":35}},"56":{"start":{"line":184,"column":10},"end":{"line":184,"column":27}},"57":{"start":{"line":199,"column":17},"end":{"line":199,"column":19}},"58":{"start":{"line":201,"column":4},"end":{"line":205,"column":5}},"59":{"start":{"line":202,"column":6},"end":{"line":204,"column":7}},"60":{"start":{"line":203,"column":8},"end":{"line":203,"column":27}},"61":{"start":{"line":207,"column":4},"end":{"line":213,"column":5}},"62":{"start":{"line":208,"column":6},"end":{"line":212,"column":9}},"63":{"start":{"line":209,"column":8},"end":{"line":211,"column":9}},"64":{"start":{"line":210,"column":10},"end":{"line":210,"column":49}},"65":{"start":{"line":215,"column":4},"end":{"line":224,"column":7}},"66":{"start":{"line":216,"column":6},"end":{"line":223,"column":9}},"67":{"start":{"line":218,"column":8},"end":{"line":222,"column":9}},"68":{"start":{"line":219,"column":10},"end":{"line":219,"column":49}},"69":{"start":{"line":221,"column":10},"end":{"line":221,"column":22}},"70":{"start":{"line":234,"column":4},"end":{"line":242,"column":7}},"71":{"start":{"line":235,"column":6},"end":{"line":241,"column":9}},"72":{"start":{"line":236,"column":8},"end":{"line":240,"column":9}},"73":{"start":{"line":237,"column":10},"end":{"line":237,"column":22}},"74":{"start":{"line":239,"column":10},"end":{"line":239,"column":22}},"75":{"start":{"line":251,"column":4},"end":{"line":251,"column":38}},"76":{"start":{"line":255,"column":16},"end":{"line":255,"column":28}},"77":{"start":{"line":257,"column":4},"end":{"line":257,"column":36}},"78":{"start":{"line":259,"column":4},"end":{"line":267,"column":7}},"79":{"start":{"line":260,"column":6},"end":{"line":266,"column":9}},"80":{"start":{"line":261,"column":8},"end":{"line":265,"column":9}},"81":{"start":{"line":262,"column":10},"end":{"line":262,"column":22}},"82":{"start":{"line":264,"column":10},"end":{"line":264,"column":29}},"83":{"start":{"line":278,"column":4},"end":{"line":298,"column":7}},"84":{"start":{"line":279,"column":6},"end":{"line":297,"column":9}},"85":{"start":{"line":280,"column":8},"end":{"line":296,"column":9}},"86":{"start":{"line":281,"column":10},"end":{"line":281,"column":22}},"87":{"start":{"line":283,"column":27},"end":{"line":283,"column":29}},"88":{"start":{"line":285,"column":10},"end":{"line":293,"column":13}},"89":{"start":{"line":286,"column":23},"end":{"line":286,"column":25}},"90":{"start":{"line":288,"column":12},"end":{"line":290,"column":15}},"91":{"start":{"line":289,"column":14},"end":{"line":289,"column":34}},"92":{"start":{"line":292,"column":12},"end":{"line":292,"column":34}},"93":{"start":{"line":295,"column":10},"end":{"line":295,"column":30}},"94":{"start":{"line":302,"column":0},"end":{"line":302,"column":28}}},"fnMap":{"0":{"name":"(anonymous_0)","decl":{"start":{"line":9,"column":8},"end":{"line":9,"column":9}},"loc":{"start":{"line":9,"column":41},"end":{"line":19,"column":3}},"line":9},"1":{"name":"(anonymous_1)","decl":{"start":{"line":10,"column":23},"end":{"line":10,"column":24}},"loc":{"start":{"line":10,"column":44},"end":{"line":18,"column":5}},"line":10},"2":{"name":"(anonymous_2)","decl":{"start":{"line":11,"column":28},"end":{"line":11,"column":29}},"loc":{"start":{"line":11,"column":49},"end":{"line":17,"column":7}},"line":11},"3":{"name":"(anonymous_3)","decl":{"start":{"line":21,"column":15},"end":{"line":21,"column":16}},"loc":{"start":{"line":21,"column":26},"end":{"line":48,"column":3}},"line":21},"4":{"name":"(anonymous_4)","decl":{"start":{"line":21,"column":26},"end":{"line":21,"column":27}},"loc":{"start":{"line":21,"column":55},"end":{"line":48,"column":3}},"line":21},"5":{"name":"(anonymous_5)","decl":{"start":{"line":24,"column":43},"end":{"line":24,"column":44}},"loc":{"start":{"line":24,"column":64},"end":{"line":32,"column":5}},"line":24},"6":{"name":"(anonymous_6)","decl":{"start":{"line":25,"column":29},"end":{"line":25,"column":30}},"loc":{"start":{"line":25,"column":46},"end":{"line":31,"column":7}},"line":25},"7":{"name":"(anonymous_7)","decl":{"start":{"line":39,"column":23},"end":{"line":39,"column":24}},"loc":{"start":{"line":39,"column":44},"end":{"line":47,"column":5}},"line":39},"8":{"name":"(anonymous_8)","decl":{"start":{"line":40,"column":17},"end":{"line":40,"column":18}},"loc":{"start":{"line":40,"column":33},"end":{"line":46,"column":7}},"line":40},"9":{"name":"(anonymous_9)","decl":{"start":{"line":96,"column":10},"end":{"line":96,"column":11}},"loc":{"start":{"line":96,"column":44},"end":{"line":125,"column":3}},"line":96},"10":{"name":"(anonymous_10)","decl":{"start":{"line":107,"column":26},"end":{"line":107,"column":27}},"loc":{"start":{"line":107,"column":31},"end":{"line":111,"column":7}},"line":107},"11":{"name":"(anonymous_11)","decl":{"start":{"line":116,"column":23},"end":{"line":116,"column":24}},"loc":{"start":{"line":116,"column":44},"end":{"line":124,"column":5}},"line":116},"12":{"name":"(anonymous_12)","decl":{"start":{"line":117,"column":19},"end":{"line":117,"column":20}},"loc":{"start":{"line":117,"column":37},"end":{"line":123,"column":7}},"line":117},"13":{"name":"(anonymous_13)","decl":{"start":{"line":133,"column":8},"end":{"line":133,"column":9}},"loc":{"start":{"line":133,"column":28},"end":{"line":143,"column":3}},"line":133},"14":{"name":"(anonymous_14)","decl":{"start":{"line":134,"column":23},"end":{"line":134,"column":24}},"loc":{"start":{"line":134,"column":44},"end":{"line":142,"column":5}},"line":134},"15":{"name":"(anonymous_15)","decl":{"start":{"line":135,"column":25},"end":{"line":135,"column":26}},"loc":{"start":{"line":135,"column":40},"end":{"line":141,"column":7}},"line":135},"16":{"name":"(anonymous_16)","decl":{"start":{"line":151,"column":10},"end":{"line":151,"column":11}},"loc":{"start":{"line":151,"column":47},"end":{"line":164,"column":3}},"line":151},"17":{"name":"(anonymous_17)","decl":{"start":{"line":155,"column":23},"end":{"line":155,"column":24}},"loc":{"start":{"line":155,"column":44},"end":{"line":163,"column":5}},"line":155},"18":{"name":"(anonymous_18)","decl":{"start":{"line":156,"column":31},"end":{"line":156,"column":32}},"loc":{"start":{"line":156,"column":46},"end":{"line":162,"column":7}},"line":156},"19":{"name":"(anonymous_19)","decl":{"start":{"line":172,"column":14},"end":{"line":172,"column":15}},"loc":{"start":{"line":172,"column":50},"end":{"line":188,"column":3}},"line":172},"20":{"name":"(anonymous_20)","decl":{"start":{"line":173,"column":23},"end":{"line":173,"column":24}},"loc":{"start":{"line":173,"column":44},"end":{"line":187,"column":5}},"line":173},"21":{"name":"(anonymous_21)","decl":{"start":{"line":174,"column":32},"end":{"line":174,"column":33}},"loc":{"start":{"line":174,"column":47},"end":{"line":186,"column":7}},"line":174},"22":{"name":"(anonymous_22)","decl":{"start":{"line":180,"column":25},"end":{"line":180,"column":26}},"loc":{"start":{"line":180,"column":31},"end":{"line":182,"column":11}},"line":180},"23":{"name":"(anonymous_23)","decl":{"start":{"line":198,"column":10},"end":{"line":198,"column":11}},"loc":{"start":{"line":198,"column":43},"end":{"line":225,"column":3}},"line":198},"24":{"name":"(anonymous_24)","decl":{"start":{"line":208,"column":26},"end":{"line":208,"column":27}},"loc":{"start":{"line":208,"column":31},"end":{"line":212,"column":7}},"line":208},"25":{"name":"(anonymous_25)","decl":{"start":{"line":215,"column":23},"end":{"line":215,"column":24}},"loc":{"start":{"line":215,"column":44},"end":{"line":224,"column":5}},"line":215},"26":{"name":"(anonymous_26)","decl":{"start":{"line":216,"column":57},"end":{"line":216,"column":58}},"loc":{"start":{"line":216,"column":70},"end":{"line":223,"column":7}},"line":216},"27":{"name":"(anonymous_27)","decl":{"start":{"line":233,"column":10},"end":{"line":233,"column":11}},"loc":{"start":{"line":233,"column":25},"end":{"line":243,"column":3}},"line":233},"28":{"name":"(anonymous_28)","decl":{"start":{"line":234,"column":23},"end":{"line":234,"column":24}},"loc":{"start":{"line":234,"column":44},"end":{"line":242,"column":5}},"line":234},"29":{"name":"(anonymous_29)","decl":{"start":{"line":235,"column":34},"end":{"line":235,"column":35}},"loc":{"start":{"line":235,"column":47},"end":{"line":241,"column":7}},"line":235},"30":{"name":"(anonymous_30)","decl":{"start":{"line":250,"column":11},"end":{"line":250,"column":12}},"loc":{"start":{"line":250,"column":27},"end":{"line":252,"column":3}},"line":250},"31":{"name":"(anonymous_31)","decl":{"start":{"line":254,"column":17},"end":{"line":254,"column":18}},"loc":{"start":{"line":254,"column":34},"end":{"line":268,"column":3}},"line":254},"32":{"name":"(anonymous_32)","decl":{"start":{"line":259,"column":23},"end":{"line":259,"column":24}},"loc":{"start":{"line":259,"column":44},"end":{"line":267,"column":5}},"line":259},"33":{"name":"(anonymous_33)","decl":{"start":{"line":260,"column":17},"end":{"line":260,"column":18}},"loc":{"start":{"line":260,"column":33},"end":{"line":266,"column":7}},"line":260},"34":{"name":"(anonymous_34)","decl":{"start":{"line":277,"column":14},"end":{"line":277,"column":15}},"loc":{"start":{"line":277,"column":49},"end":{"line":299,"column":3}},"line":277},"35":{"name":"(anonymous_35)","decl":{"start":{"line":278,"column":23},"end":{"line":278,"column":24}},"loc":{"start":{"line":278,"column":44},"end":{"line":298,"column":5}},"line":278},"36":{"name":"(anonymous_36)","decl":{"start":{"line":279,"column":28},"end":{"line":279,"column":29}},"loc":{"start":{"line":279,"column":49},"end":{"line":297,"column":7}},"line":279},"37":{"name":"(anonymous_37)","decl":{"start":{"line":285,"column":24},"end":{"line":285,"column":25}},"loc":{"start":{"line":285,"column":30},"end":{"line":293,"column":11}},"line":285},"38":{"name":"(anonymous_38)","decl":{"start":{"line":288,"column":27},"end":{"line":288,"column":28}},"loc":{"start":{"line":288,"column":34},"end":{"line":290,"column":13}},"line":288}},"branchMap":{"0":{"loc":{"start":{"line":12,"column":8},"end":{"line":16,"column":9}},"type":"if","locations":[{"start":{"line":12,"column":8},"end":{"line":16,"column":9}},{"start":{"line":12,"column":8},"end":{"line":16,"column":9}}],"line":12},"1":{"loc":{"start":{"line":26,"column":8},"end":{"line":30,"column":9}},"type":"if","locations":[{"start":{"line":26,"column":8},"end":{"line":30,"column":9}},{"start":{"line":26,"column":8},"end":{"line":30,"column":9}}],"line":26},"2":{"loc":{"start":{"line":34,"column":4},"end":{"line":34,"column":73}},"type":"cond-expr","locations":[{"start":{"line":34,"column":43},"end":{"line":34,"column":66}},{"start":{"line":34,"column":69},"end":{"line":34,"column":73}}],"line":34},"3":{"loc":{"start":{"line":35,"column":4},"end":{"line":35,"column":97}},"type":"cond-expr","locations":[{"start":{"line":35,"column":42},"end":{"line":35,"column":90}},{"start":{"line":35,"column":93},"end":{"line":35,"column":97}}],"line":35},"4":{"loc":{"start":{"line":36,"column":4},"end":{"line":36,"column":76}},"type":"cond-expr","locations":[{"start":{"line":36,"column":44},"end":{"line":36,"column":69}},{"start":{"line":36,"column":72},"end":{"line":36,"column":76}}],"line":36},"5":{"loc":{"start":{"line":37,"column":4},"end":{"line":37,"column":77}},"type":"cond-expr","locations":[{"start":{"line":37,"column":45},"end":{"line":37,"column":70}},{"start":{"line":37,"column":73},"end":{"line":37,"column":77}}],"line":37},"6":{"loc":{"start":{"line":41,"column":8},"end":{"line":45,"column":9}},"type":"if","locations":[{"start":{"line":41,"column":8},"end":{"line":45,"column":9}},{"start":{"line":41,"column":8},"end":{"line":45,"column":9}}],"line":41},"7":{"loc":{"start":{"line":101,"column":6},"end":{"line":103,"column":7}},"type":"if","locations":[{"start":{"line":101,"column":6},"end":{"line":103,"column":7}},{"start":{"line":101,"column":6},"end":{"line":103,"column":7}}],"line":101},"8":{"loc":{"start":{"line":106,"column":4},"end":{"line":112,"column":5}},"type":"if","locations":[{"start":{"line":106,"column":4},"end":{"line":112,"column":5}},{"start":{"line":106,"column":4},"end":{"line":112,"column":5}}],"line":106},"9":{"loc":{"start":{"line":108,"column":8},"end":{"line":110,"column":9}},"type":"if","locations":[{"start":{"line":108,"column":8},"end":{"line":110,"column":9}},{"start":{"line":108,"column":8},"end":{"line":110,"column":9}}],"line":108},"10":{"loc":{"start":{"line":118,"column":8},"end":{"line":122,"column":9}},"type":"if","locations":[{"start":{"line":118,"column":8},"end":{"line":122,"column":9}},{"start":{"line":118,"column":8},"end":{"line":122,"column":9}}],"line":118},"11":{"loc":{"start":{"line":136,"column":8},"end":{"line":140,"column":9}},"type":"if","locations":[{"start":{"line":136,"column":8},"end":{"line":140,"column":9}},{"start":{"line":136,"column":8},"end":{"line":140,"column":9}}],"line":136},"12":{"loc":{"start":{"line":157,"column":8},"end":{"line":161,"column":9}},"type":"if","locations":[{"start":{"line":157,"column":8},"end":{"line":161,"column":9}},{"start":{"line":157,"column":8},"end":{"line":161,"column":9}}],"line":157},"13":{"loc":{"start":{"line":175,"column":8},"end":{"line":185,"column":9}},"type":"if","locations":[{"start":{"line":175,"column":8},"end":{"line":185,"column":9}},{"start":{"line":175,"column":8},"end":{"line":185,"column":9}}],"line":175},"14":{"loc":{"start":{"line":202,"column":6},"end":{"line":204,"column":7}},"type":"if","locations":[{"start":{"line":202,"column":6},"end":{"line":204,"column":7}},{"start":{"line":202,"column":6},"end":{"line":204,"column":7}}],"line":202},"15":{"loc":{"start":{"line":207,"column":4},"end":{"line":213,"column":5}},"type":"if","locations":[{"start":{"line":207,"column":4},"end":{"line":213,"column":5}},{"start":{"line":207,"column":4},"end":{"line":213,"column":5}}],"line":207},"16":{"loc":{"start":{"line":209,"column":8},"end":{"line":211,"column":9}},"type":"if","locations":[{"start":{"line":209,"column":8},"end":{"line":211,"column":9}},{"start":{"line":209,"column":8},"end":{"line":211,"column":9}}],"line":209},"17":{"loc":{"start":{"line":218,"column":8},"end":{"line":222,"column":9}},"type":"if","locations":[{"start":{"line":218,"column":8},"end":{"line":222,"column":9}},{"start":{"line":218,"column":8},"end":{"line":222,"column":9}}],"line":218},"18":{"loc":{"start":{"line":236,"column":8},"end":{"line":240,"column":9}},"type":"if","locations":[{"start":{"line":236,"column":8},"end":{"line":240,"column":9}},{"start":{"line":236,"column":8},"end":{"line":240,"column":9}}],"line":236},"19":{"loc":{"start":{"line":261,"column":8},"end":{"line":265,"column":9}},"type":"if","locations":[{"start":{"line":261,"column":8},"end":{"line":265,"column":9}},{"start":{"line":261,"column":8},"end":{"line":265,"column":9}}],"line":261},"20":{"loc":{"start":{"line":280,"column":8},"end":{"line":296,"column":9}},"type":"if","locations":[{"start":{"line":280,"column":8},"end":{"line":296,"column":9}},{"start":{"line":280,"column":8},"end":{"line":296,"column":9}}],"line":280}},"s":{"0":1,"1":1,"2":0,"3":0,"4":0,"5":0,"6":0,"7":5,"8":5,"9":5,"10":5,"11":5,"12":0,"13":5,"14":5,"15":5,"16":5,"17":5,"18":5,"19":5,"20":5,"21":0,"22":5,"23":6,"24":6,"25":18,"26":18,"27":6,"28":4,"29":4,"30":0,"31":6,"32":6,"33":6,"34":6,"35":0,"36":6,"37":1,"38":1,"39":1,"40":0,"41":1,"42":0,"43":0,"44":0,"45":0,"46":0,"47":0,"48":0,"49":8,"50":8,"51":8,"52":0,"53":8,"54":8,"55":8,"56":8,"57":1,"58":1,"59":2,"60":2,"61":1,"62":1,"63":1,"64":0,"65":1,"66":1,"67":1,"68":0,"69":1,"70":1,"71":1,"72":1,"73":0,"74":1,"75":0,"76":0,"77":0,"78":0,"79":0,"80":0,"81":0,"82":0,"83":0,"84":0,"85":0,"86":0,"87":0,"88":0,"89":0,"90":0,"91":0,"92":0,"93":0,"94":1},"f":{"0":0,"1":0,"2":0,"3":5,"4":5,"5":5,"6":5,"7":5,"8":5,"9":6,"10":4,"11":6,"12":6,"13":1,"14":1,"15":1,"16":0,"17":0,"18":0,"19":8,"20":8,"21":8,"22":8,"23":1,"24":1,"25":1,"26":1,"27":1,"28":1,"29":1,"30":0,"31":0,"32":0,"33":0,"34":0,"35":0,"36":0,"37":0,"38":0},"b":{"0":[0,0],"1":[0,5],"2":[5,0],"3":[2,3],"4":[5,0],"5":[0,5],"6":[0,5],"7":[18,0],"8":[4,2],"9":[0,4],"10":[0,6],"11":[0,1],"12":[0,0],"13":[0,8],"14":[2,0],"15":[1,0],"16":[0,1],"17":[0,1],"18":[0,1],"19":[0,0],"20":[0,0]},"_coverageSchema":"43e27e138ebf9cfc5966b082cf9a028302ed4184","hash":"ba10dc97787623a1b359b98a66f618c91e4cc533","contentHash":"f691cd3ed05b239e2181fc63da32058855224988675cc32db11488180fdb5db9"},"/Users/piotrsikora/__special/OSBZB/bzbeelder-be/core/helpers/QueryHelper.js":{"path":"/Users/piotrsikora/__special/OSBZB/bzbeelder-be/core/helpers/QueryHelper.js","statementMap":{"0":{"start":{"line":1,"column":0},"end":{"line":12,"column":1}},"1":{"start":{"line":3,"column":30},"end":{"line":8,"column":9}},"2":{"start":{"line":10,"column":8},"end":{"line":10,"column":29}},"3":{"start":{"line":14,"column":0},"end":{"line":14,"column":29}}},"fnMap":{"0":{"name":"(anonymous_0)","decl":{"start":{"line":2,"column":11},"end":{"line":2,"column":12}},"loc":{"start":{"line":2,"column":22},"end":{"line":11,"column":5}},"line":2}},"branchMap":{"0":{"loc":{"start":{"line":4,"column":19},"end":{"line":4,"column":48}},"type":"binary-expr","locations":[{"start":{"line":4,"column":19},"end":{"line":4,"column":43}},{"start":{"line":4,"column":47},"end":{"line":4,"column":48}}],"line":4},"1":{"loc":{"start":{"line":5,"column":18},"end":{"line":5,"column":46}},"type":"binary-expr","locations":[{"start":{"line":5,"column":18},"end":{"line":5,"column":41}},{"start":{"line":5,"column":45},"end":{"line":5,"column":46}}],"line":5},"2":{"loc":{"start":{"line":6,"column":18},"end":{"line":6,"column":39}},"type":"binary-expr","locations":[{"start":{"line":6,"column":18},"end":{"line":6,"column":31}},{"start":{"line":6,"column":35},"end":{"line":6,"column":39}}],"line":6},"3":{"loc":{"start":{"line":7,"column":20},"end":{"line":7,"column":43}},"type":"binary-expr","locations":[{"start":{"line":7,"column":20},"end":{"line":7,"column":35}},{"start":{"line":7,"column":39},"end":{"line":7,"column":43}}],"line":7}},"s":{"0":1,"1":8,"2":8,"3":1},"f":{"0":8},"b":{"0":[8,5],"1":[8,7],"2":[8,8],"3":[8,6]},"_coverageSchema":"43e27e138ebf9cfc5966b082cf9a028302ed4184","hash":"02befc4334f9a2316916d7747ecd300c59012cbe","contentHash":"6084d3e2364dddbc5fe9d9e7da0a44a06814454566d286c96a2923e2439e11e3"},"/Users/piotrsikora/__special/OSBZB/bzbeelder-be/core/helpers/__test__/QueryHelper.spec.js":{"path":"/Users/piotrsikora/__special/OSBZB/bzbeelder-be/core/helpers/__test__/QueryHelper.spec.js","statementMap":{"0":{"start":{"line":1,"column":20},"end":{"line":1,"column":45}},"1":{"start":{"line":2,"column":13},"end":{"line":2,"column":35}},"2":{"start":{"line":4,"column":0},"end":{"line":42,"column":3}},"3":{"start":{"line":5,"column":2},"end":{"line":17,"column":5}},"4":{"start":{"line":6,"column":22},"end":{"line":6,"column":24}},"5":{"start":{"line":7,"column":19},"end":{"line":7,"column":47}},"6":{"start":{"line":9,"column":4},"end":{"line":9,"column":45}},"7":{"start":{"line":10,"column":4},"end":{"line":10,"column":44}},"8":{"start":{"line":11,"column":4},"end":{"line":11,"column":44}},"9":{"start":{"line":12,"column":4},"end":{"line":12,"column":46}},"10":{"start":{"line":13,"column":4},"end":{"line":13,"column":37}},"11":{"start":{"line":14,"column":4},"end":{"line":14,"column":36}},"12":{"start":{"line":15,"column":4},"end":{"line":15,"column":39}},"13":{"start":{"line":16,"column":4},"end":{"line":16,"column":41}},"14":{"start":{"line":19,"column":2},"end":{"line":29,"column":5}},"15":{"start":{"line":20,"column":22},"end":{"line":22,"column":5}},"16":{"start":{"line":23,"column":19},"end":{"line":23,"column":47}},"17":{"start":{"line":25,"column":4},"end":{"line":25,"column":38}},"18":{"start":{"line":26,"column":4},"end":{"line":26,"column":36}},"19":{"start":{"line":27,"column":4},"end":{"line":27,"column":39}},"20":{"start":{"line":28,"column":4},"end":{"line":28,"column":41}},"21":{"start":{"line":31,"column":2},"end":{"line":41,"column":5}},"22":{"start":{"line":32,"column":22},"end":{"line":34,"column":5}},"23":{"start":{"line":35,"column":19},"end":{"line":35,"column":47}},"24":{"start":{"line":37,"column":4},"end":{"line":37,"column":37}},"25":{"start":{"line":38,"column":4},"end":{"line":38,"column":37}},"26":{"start":{"line":39,"column":4},"end":{"line":39,"column":39}},"27":{"start":{"line":40,"column":4},"end":{"line":40,"column":41}}},"fnMap":{"0":{"name":"(anonymous_0)","decl":{"start":{"line":4,"column":24},"end":{"line":4,"column":25}},"loc":{"start":{"line":4,"column":30},"end":{"line":42,"column":1}},"line":4},"1":{"name":"(anonymous_1)","decl":{"start":{"line":5,"column":106},"end":{"line":5,"column":107}},"loc":{"start":{"line":5,"column":112},"end":{"line":17,"column":3}},"line":5},"2":{"name":"(anonymous_2)","decl":{"start":{"line":19,"column":59},"end":{"line":19,"column":60}},"loc":{"start":{"line":19,"column":65},"end":{"line":29,"column":3}},"line":19},"3":{"name":"(anonymous_3)","decl":{"start":{"line":31,"column":58},"end":{"line":31,"column":59}},"loc":{"start":{"line":31,"column":64},"end":{"line":41,"column":3}},"line":31}},"branchMap":{},"s":{"0":1,"1":1,"2":1,"3":1,"4":1,"5":1,"6":1,"7":1,"8":1,"9":1,"10":1,"11":1,"12":1,"13":1,"14":1,"15":1,"16":1,"17":1,"18":1,"19":1,"20":1,"21":1,"22":1,"23":1,"24":1,"25":1,"26":1,"27":1},"f":{"0":1,"1":1,"2":1,"3":1},"b":{},"_coverageSchema":"43e27e138ebf9cfc5966b082cf9a028302ed4184","hash":"9a108e55c6a586e7e7d821bac34505b7c21eabb8","contentHash":"7a62b7a11c60225486c524cfca6302dbea383a8efae83e55d906942dc5ada786"},"/Users/piotrsikora/__special/OSBZB/bzbeelder-be/core/helpers/__test__/ResponseHelper.spec.js":{"path":"/Users/piotrsikora/__special/OSBZB/bzbeelder-be/core/helpers/__test__/ResponseHelper.spec.js","statementMap":{"0":{"start":{"line":1,"column":23},"end":{"line":1,"column":51}},"1":{"start":{"line":2,"column":13},"end":{"line":2,"column":35}},"2":{"start":{"line":4,"column":0},"end":{"line":64,"column":3}},"3":{"start":{"line":5,"column":2},"end":{"line":33,"column":4}},"4":{"start":{"line":6,"column":4},"end":{"line":18,"column":7}},"5":{"start":{"line":7,"column":19},"end":{"line":7,"column":21}},"6":{"start":{"line":8,"column":20},"end":{"line":8,"column":24}},"7":{"start":{"line":9,"column":20},"end":{"line":9,"column":22}},"8":{"start":{"line":11,"column":23},"end":{"line":11,"column":73}},"9":{"start":{"line":13,"column":6},"end":{"line":13,"column":49}},"10":{"start":{"line":14,"column":6},"end":{"line":14,"column":48}},"11":{"start":{"line":15,"column":6},"end":{"line":15,"column":49}},"12":{"start":{"line":16,"column":6},"end":{"line":16,"column":51}},"13":{"start":{"line":17,"column":6},"end":{"line":17,"column":50}},"14":{"start":{"line":20,"column":4},"end":{"line":32,"column":7}},"15":{"start":{"line":21,"column":19},"end":{"line":21,"column":21}},"16":{"start":{"line":22,"column":20},"end":{"line":22,"column":24}},"17":{"start":{"line":23,"column":20},"end":{"line":23,"column":22}},"18":{"start":{"line":25,"column":23},"end":{"line":25,"column":73}},"19":{"start":{"line":27,"column":6},"end":{"line":27,"column":45}},"20":{"start":{"line":28,"column":6},"end":{"line":28,"column":43}},"21":{"start":{"line":29,"column":6},"end":{"line":29,"column":45}},"22":{"start":{"line":30,"column":6},"end":{"line":30,"column":45}},"23":{"start":{"line":31,"column":6},"end":{"line":31,"column":51}},"24":{"start":{"line":35,"column":2},"end":{"line":63,"column":5}},"25":{"start":{"line":36,"column":4},"end":{"line":43,"column":7}},"26":{"start":{"line":37,"column":20},"end":{"line":37,"column":37}},"27":{"start":{"line":39,"column":23},"end":{"line":39,"column":58}},"28":{"start":{"line":41,"column":6},"end":{"line":41,"column":50}},"29":{"start":{"line":42,"column":6},"end":{"line":42,"column":51}},"30":{"start":{"line":45,"column":4},"end":{"line":52,"column":7}},"31":{"start":{"line":46,"column":20},"end":{"line":46,"column":37}},"32":{"start":{"line":48,"column":23},"end":{"line":48,"column":58}},"33":{"start":{"line":50,"column":6},"end":{"line":50,"column":46}},"34":{"start":{"line":51,"column":6},"end":{"line":51,"column":49}},"35":{"start":{"line":54,"column":4},"end":{"line":62,"column":6}},"36":{"start":{"line":55,"column":20},"end":{"line":55,"column":37}},"37":{"start":{"line":57,"column":23},"end":{"line":57,"column":58}},"38":{"start":{"line":59,"column":6},"end":{"line":59,"column":50}},"39":{"start":{"line":60,"column":6},"end":{"line":60,"column":49}},"40":{"start":{"line":61,"column":6},"end":{"line":61,"column":50}}},"fnMap":{"0":{"name":"(anonymous_0)","decl":{"start":{"line":4,"column":27},"end":{"line":4,"column":28}},"loc":{"start":{"line":4,"column":33},"end":{"line":64,"column":1}},"line":4},"1":{"name":"(anonymous_1)","decl":{"start":{"line":5,"column":24},"end":{"line":5,"column":25}},"loc":{"start":{"line":5,"column":30},"end":{"line":33,"column":3}},"line":5},"2":{"name":"(anonymous_2)","decl":{"start":{"line":6,"column":80},"end":{"line":6,"column":81}},"loc":{"start":{"line":6,"column":86},"end":{"line":18,"column":5}},"line":6},"3":{"name":"(anonymous_3)","decl":{"start":{"line":20,"column":45},"end":{"line":20,"column":46}},"loc":{"start":{"line":20,"column":51},"end":{"line":32,"column":5}},"line":20},"4":{"name":"(anonymous_4)","decl":{"start":{"line":35,"column":24},"end":{"line":35,"column":25}},"loc":{"start":{"line":35,"column":30},"end":{"line":63,"column":3}},"line":35},"5":{"name":"(anonymous_5)","decl":{"start":{"line":36,"column":65},"end":{"line":36,"column":66}},"loc":{"start":{"line":36,"column":71},"end":{"line":43,"column":5}},"line":36},"6":{"name":"(anonymous_6)","decl":{"start":{"line":45,"column":36},"end":{"line":45,"column":37}},"loc":{"start":{"line":45,"column":42},"end":{"line":52,"column":5}},"line":45},"7":{"name":"(anonymous_7)","decl":{"start":{"line":54,"column":69},"end":{"line":54,"column":70}},"loc":{"start":{"line":54,"column":75},"end":{"line":62,"column":5}},"line":54}},"branchMap":{},"s":{"0":1,"1":1,"2":1,"3":1,"4":1,"5":1,"6":1,"7":1,"8":1,"9":1,"10":1,"11":1,"12":1,"13":1,"14":1,"15":1,"16":1,"17":1,"18":1,"19":1,"20":1,"21":1,"22":1,"23":1,"24":1,"25":1,"26":1,"27":1,"28":1,"29":1,"30":1,"31":1,"32":1,"33":1,"34":1,"35":1,"36":1,"37":1,"38":1,"39":1,"40":1},"f":{"0":1,"1":1,"2":1,"3":1,"4":1,"5":1,"6":1,"7":1},"b":{},"_coverageSchema":"43e27e138ebf9cfc5966b082cf9a028302ed4184","hash":"20bc2a795dc395615696c5084e13c7595d0d37c6","contentHash":"7536b024c29f0e3af2c6fa144156bafff7740baf135b2730f412651ee4b40cd0"},"/Users/piotrsikora/__special/OSBZB/bzbeelder-be/core/helpers/ResponseHelper.js":{"path":"/Users/piotrsikora/__special/OSBZB/bzbeelder-be/core/helpers/ResponseHelper.js","statementMap":{"0":{"start":{"line":1,"column":18},"end":{"line":3,"column":1}},"1":{"start":{"line":4,"column":20},"end":{"line":7,"column":1}},"2":{"start":{"line":9,"column":22},"end":{"line":14,"column":1}},"3":{"start":{"line":10,"column":4},"end":{"line":13,"column":5}},"4":{"start":{"line":22,"column":24},"end":{"line":30,"column":1}},"5":{"start":{"line":23,"column":4},"end":{"line":29,"column":5}},"6":{"start":{"line":32,"column":0},"end":{"line":35,"column":1}}},"fnMap":{"0":{"name":"(anonymous_0)","decl":{"start":{"line":9,"column":22},"end":{"line":9,"column":23}},"loc":{"start":{"line":9,"column":34},"end":{"line":14,"column":1}},"line":9},"1":{"name":"(anonymous_1)","decl":{"start":{"line":22,"column":24},"end":{"line":22,"column":25}},"loc":{"start":{"line":22,"column":62},"end":{"line":30,"column":1}},"line":22}},"branchMap":{"0":{"loc":{"start":{"line":22,"column":31},"end":{"line":22,"column":43}},"type":"default-arg","locations":[{"start":{"line":22,"column":39},"end":{"line":22,"column":43}}],"line":22},"1":{"loc":{"start":{"line":22,"column":45},"end":{"line":22,"column":57}},"type":"default-arg","locations":[{"start":{"line":22,"column":53},"end":{"line":22,"column":57}}],"line":22}},"s":{"0":1,"1":1,"2":1,"3":3,"4":1,"5":10,"6":1},"f":{"0":3,"1":10},"b":{"0":[4],"1":[4]},"_coverageSchema":"43e27e138ebf9cfc5966b082cf9a028302ed4184","hash":"950bcabd9249bec7accf83a2818804d8b00abe29","contentHash":"a329dd998bbfbe119550bd98d841877f14ecd46c265c6ba71d75680d0c3e1a1a"},"/Users/piotrsikora/__special/OSBZB/bzbeelder-be/core/modules/auth/__test__/Auth.spec.js":{"path":"/Users/piotrsikora/__special/OSBZB/bzbeelder-be/core/modules/auth/__test__/Auth.spec.js","statementMap":{"0":{"start":{"line":1,"column":0},"end":{"line":1,"column":30}},"1":{"start":{"line":3,"column":17},"end":{"line":3,"column":36}},"2":{"start":{"line":4,"column":18},"end":{"line":4,"column":51}},"3":{"start":{"line":6,"column":13},"end":{"line":6,"column":28}},"4":{"start":{"line":7,"column":17},"end":{"line":7,"column":37}},"5":{"start":{"line":8,"column":12},"end":{"line":8,"column":38}},"6":{"start":{"line":9,"column":15},"end":{"line":9,"column":28}},"7":{"start":{"line":10,"column":15},"end":{"line":10,"column":37}},"8":{"start":{"line":12,"column":0},"end":{"line":12,"column":19}},"9":{"start":{"line":14,"column":17},"end":{"line":14,"column":30}},"10":{"start":{"line":17,"column":0},"end":{"line":93,"column":3}},"11":{"start":{"line":18,"column":2},"end":{"line":22,"column":5}},"12":{"start":{"line":19,"column":4},"end":{"line":21,"column":7}},"13":{"start":{"line":20,"column":6},"end":{"line":20,"column":13}},"14":{"start":{"line":24,"column":2},"end":{"line":34,"column":5}},"15":{"start":{"line":25,"column":4},"end":{"line":33,"column":7}},"16":{"start":{"line":26,"column":6},"end":{"line":32,"column":11}},"17":{"start":{"line":31,"column":10},"end":{"line":31,"column":17}},"18":{"start":{"line":36,"column":2},"end":{"line":88,"column":5}},"19":{"start":{"line":37,"column":4},"end":{"line":51,"column":7}},"20":{"start":{"line":38,"column":6},"end":{"line":50,"column":9}},"21":{"start":{"line":39,"column":8},"end":{"line":49,"column":13}},"22":{"start":{"line":44,"column":25},"end":{"line":44,"column":33}},"23":{"start":{"line":45,"column":12},"end":{"line":45,"column":53}},"24":{"start":{"line":46,"column":12},"end":{"line":46,"column":49}},"25":{"start":{"line":48,"column":12},"end":{"line":48,"column":19}},"26":{"start":{"line":52,"column":4},"end":{"line":87,"column":7}},"27":{"start":{"line":53,"column":6},"end":{"line":61,"column":9}},"28":{"start":{"line":54,"column":8},"end":{"line":60,"column":10}},"29":{"start":{"line":58,"column":12},"end":{"line":58,"column":19}},"30":{"start":{"line":62,"column":6},"end":{"line":74,"column":9}},"31":{"start":{"line":63,"column":8},"end":{"line":73,"column":13}},"32":{"start":{"line":68,"column":25},"end":{"line":68,"column":33}},"33":{"start":{"line":69,"column":12},"end":{"line":69,"column":53}},"34":{"start":{"line":70,"column":12},"end":{"line":70,"column":48}},"35":{"start":{"line":72,"column":12},"end":{"line":72,"column":19}},"36":{"start":{"line":75,"column":6},"end":{"line":86,"column":9}},"37":{"start":{"line":76,"column":8},"end":{"line":85,"column":13}},"38":{"start":{"line":81,"column":25},"end":{"line":81,"column":33}},"39":{"start":{"line":82,"column":12},"end":{"line":82,"column":51}},"40":{"start":{"line":84,"column":12},"end":{"line":84,"column":19}},"41":{"start":{"line":90,"column":2},"end":{"line":92,"column":5}},"42":{"start":{"line":91,"column":4},"end":{"line":91,"column":11}}},"fnMap":{"0":{"name":"(anonymous_0)","decl":{"start":{"line":17,"column":30},"end":{"line":17,"column":31}},"loc":{"start":{"line":17,"column":36},"end":{"line":93,"column":1}},"line":17},"1":{"name":"(anonymous_1)","decl":{"start":{"line":18,"column":9},"end":{"line":18,"column":10}},"loc":{"start":{"line":18,"column":17},"end":{"line":22,"column":3}},"line":18},"2":{"name":"(anonymous_2)","decl":{"start":{"line":19,"column":52},"end":{"line":19,"column":53}},"loc":{"start":{"line":19,"column":59},"end":{"line":21,"column":5}},"line":19},"3":{"name":"(anonymous_3)","decl":{"start":{"line":24,"column":38},"end":{"line":24,"column":39}},"loc":{"start":{"line":24,"column":44},"end":{"line":34,"column":3}},"line":24},"4":{"name":"(anonymous_4)","decl":{"start":{"line":25,"column":34},"end":{"line":25,"column":35}},"loc":{"start":{"line":25,"column":42},"end":{"line":33,"column":5}},"line":25},"5":{"name":"(anonymous_5)","decl":{"start":{"line":30,"column":13},"end":{"line":30,"column":14}},"loc":{"start":{"line":30,"column":27},"end":{"line":32,"column":9}},"line":30},"6":{"name":"(anonymous_6)","decl":{"start":{"line":36,"column":35},"end":{"line":36,"column":36}},"loc":{"start":{"line":36,"column":41},"end":{"line":88,"column":3}},"line":36},"7":{"name":"(anonymous_7)","decl":{"start":{"line":37,"column":34},"end":{"line":37,"column":35}},"loc":{"start":{"line":37,"column":40},"end":{"line":51,"column":5}},"line":37},"8":{"name":"(anonymous_8)","decl":{"start":{"line":38,"column":55},"end":{"line":38,"column":56}},"loc":{"start":{"line":38,"column":63},"end":{"line":50,"column":7}},"line":38},"9":{"name":"(anonymous_9)","decl":{"start":{"line":43,"column":15},"end":{"line":43,"column":16}},"loc":{"start":{"line":43,"column":29},"end":{"line":49,"column":11}},"line":43},"10":{"name":"(anonymous_10)","decl":{"start":{"line":52,"column":33},"end":{"line":52,"column":34}},"loc":{"start":{"line":52,"column":39},"end":{"line":87,"column":5}},"line":52},"11":{"name":"(anonymous_11)","decl":{"start":{"line":53,"column":17},"end":{"line":53,"column":18}},"loc":{"start":{"line":53,"column":25},"end":{"line":61,"column":7}},"line":53},"12":{"name":"(anonymous_12)","decl":{"start":{"line":57,"column":10},"end":{"line":57,"column":11}},"loc":{"start":{"line":57,"column":24},"end":{"line":59,"column":11}},"line":57},"13":{"name":"(anonymous_13)","decl":{"start":{"line":62,"column":49},"end":{"line":62,"column":50}},"loc":{"start":{"line":62,"column":57},"end":{"line":74,"column":7}},"line":62},"14":{"name":"(anonymous_14)","decl":{"start":{"line":67,"column":15},"end":{"line":67,"column":16}},"loc":{"start":{"line":67,"column":29},"end":{"line":73,"column":11}},"line":67},"15":{"name":"(anonymous_15)","decl":{"start":{"line":75,"column":53},"end":{"line":75,"column":54}},"loc":{"start":{"line":75,"column":61},"end":{"line":86,"column":7}},"line":75},"16":{"name":"(anonymous_16)","decl":{"start":{"line":80,"column":15},"end":{"line":80,"column":16}},"loc":{"start":{"line":80,"column":29},"end":{"line":85,"column":11}},"line":80},"17":{"name":"(anonymous_17)","decl":{"start":{"line":90,"column":8},"end":{"line":90,"column":9}},"loc":{"start":{"line":90,"column":16},"end":{"line":92,"column":3}},"line":90}},"branchMap":{},"s":{"0":1,"1":1,"2":1,"3":1,"4":1,"5":1,"6":1,"7":1,"8":1,"9":1,"10":1,"11":1,"12":1,"13":1,"14":1,"15":1,"16":1,"17":1,"18":1,"19":1,"20":1,"21":1,"22":1,"23":1,"24":1,"25":1,"26":1,"27":1,"28":2,"29":2,"30":1,"31":1,"32":1,"33":1,"34":1,"35":1,"36":1,"37":1,"38":1,"39":1,"40":1,"41":1,"42":1},"f":{"0":1,"1":1,"2":1,"3":1,"4":1,"5":1,"6":1,"7":1,"8":1,"9":1,"10":1,"11":2,"12":2,"13":1,"14":1,"15":1,"16":1,"17":1},"b":{},"_coverageSchema":"43e27e138ebf9cfc5966b082cf9a028302ed4184","hash":"3708bfb1565920ad70a0cb066eaaef8e120ae164","contentHash":"c3281509f2d18d07d7280eaeb4555b2910c173f4951a73b1d8f160eafb2cf34c"},"/Users/piotrsikora/__special/OSBZB/bzbeelder-be/core/modules/user/models/User.js":{"path":"/Users/piotrsikora/__special/OSBZB/bzbeelder-be/core/modules/user/models/User.js","statementMap":{"0":{"start":{"line":1,"column":17},"end":{"line":1,"column":36}},"1":{"start":{"line":2,"column":15},"end":{"line":2,"column":39}},"2":{"start":{"line":3,"column":32},"end":{"line":3,"column":68}},"3":{"start":{"line":4,"column":15},"end":{"line":4,"column":30}},"4":{"start":{"line":6,"column":13},"end":{"line":28,"column":2}},"5":{"start":{"line":30,"column":0},"end":{"line":30,"column":39}},"6":{"start":{"line":32,"column":0},"end":{"line":42,"column":3}},"7":{"start":{"line":33,"column":13},"end":{"line":33,"column":17}},"8":{"start":{"line":35,"column":2},"end":{"line":41,"column":4}},"9":{"start":{"line":36,"column":4},"end":{"line":38,"column":5}},"10":{"start":{"line":37,"column":6},"end":{"line":37,"column":23}},"11":{"start":{"line":39,"column":4},"end":{"line":39,"column":25}},"12":{"start":{"line":40,"column":4},"end":{"line":40,"column":11}},"13":{"start":{"line":44,"column":0},"end":{"line":44,"column":48}}},"fnMap":{"0":{"name":"(anonymous_0)","decl":{"start":{"line":32,"column":19},"end":{"line":32,"column":20}},"loc":{"start":{"line":32,"column":35},"end":{"line":42,"column":1}},"line":32},"1":{"name":"(anonymous_1)","decl":{"start":{"line":35,"column":33},"end":{"line":35,"column":34}},"loc":{"start":{"line":35,"column":54},"end":{"line":41,"column":3}},"line":35}},"branchMap":{"0":{"loc":{"start":{"line":36,"column":4},"end":{"line":38,"column":5}},"type":"if","locations":[{"start":{"line":36,"column":4},"end":{"line":38,"column":5}},{"start":{"line":36,"column":4},"end":{"line":38,"column":5}}],"line":36}},"s":{"0":1,"1":1,"2":1,"3":1,"4":1,"5":1,"6":1,"7":2,"8":2,"9":0,"10":0,"11":0,"12":0,"13":1},"f":{"0":2,"1":0},"b":{"0":[0,0]},"_coverageSchema":"43e27e138ebf9cfc5966b082cf9a028302ed4184","hash":"2dbffc062f3ebdfc6572b893c2c1128894fea5c1","contentHash":"81c93e3572d60066d665f5f006aaba9188d909baf391359d8acf359e5f2719a1"},"/Users/piotrsikora/__special/OSBZB/bzbeelder-be/app.js":{"path":"/Users/piotrsikora/__special/OSBZB/bzbeelder-be/app.js","statementMap":{"0":{"start":{"line":1,"column":15},"end":{"line":1,"column":39}},"1":{"start":{"line":2,"column":13},"end":{"line":2,"column":55}},"2":{"start":{"line":4,"column":15},"end":{"line":6,"column":1}},"3":{"start":{"line":8,"column":12},"end":{"line":8,"column":32}},"4":{"start":{"line":11,"column":0},"end":{"line":11,"column":36}},"5":{"start":{"line":12,"column":0},"end":{"line":12,"column":34}},"6":{"start":{"line":13,"column":0},"end":{"line":13,"column":21}}},"fnMap":{},"branchMap":{"0":{"loc":{"start":{"line":5,"column":9},"end":{"line":5,"column":33}},"type":"binary-expr","locations":[{"start":{"line":5,"column":9},"end":{"line":5,"column":17}},{"start":{"line":5,"column":21},"end":{"line":5,"column":33}}],"line":5}},"s":{"0":1,"1":1,"2":1,"3":1,"4":1,"5":1,"6":1},"f":{},"b":{"0":[1,1]},"_coverageSchema":"43e27e138ebf9cfc5966b082cf9a028302ed4184","hash":"8a7c9a49fe8f03b909ef58b568f693b0e06a88cb","contentHash":"7528c3d9861fc5887777b2c67f28d995ceb7102c8bb1f1467e509f93f709d82e"},"/Users/piotrsikora/__special/OSBZB/bzbeelder-be/core/server.js":{"path":"/Users/piotrsikora/__special/OSBZB/bzbeelder-be/core/server.js","statementMap":{"0":{"start":{"line":1,"column":16},"end":{"line":1,"column":34}},"1":{"start":{"line":2,"column":12},"end":{"line":2,"column":21}},"2":{"start":{"line":3,"column":15},"end":{"line":3,"column":32}},"3":{"start":{"line":5,"column":13},"end":{"line":5,"column":28}},"4":{"start":{"line":6,"column":17},"end":{"line":6,"column":36}},"5":{"start":{"line":7,"column":19},"end":{"line":7,"column":41}},"6":{"start":{"line":8,"column":15},"end":{"line":8,"column":35}},"7":{"start":{"line":10,"column":19},"end":{"line":10,"column":51}},"8":{"start":{"line":11,"column":18},"end":{"line":11,"column":41}},"9":{"start":{"line":13,"column":15},"end":{"line":92,"column":1}},"10":{"start":{"line":15,"column":4},"end":{"line":15,"column":39}},"11":{"start":{"line":16,"column":4},"end":{"line":16,"column":24}},"12":{"start":{"line":17,"column":4},"end":{"line":17,"column":24}},"13":{"start":{"line":18,"column":4},"end":{"line":18,"column":27}},"14":{"start":{"line":22,"column":4},"end":{"line":22,"column":48}},"15":{"start":{"line":23,"column":4},"end":{"line":27,"column":6}},"16":{"start":{"line":28,"column":4},"end":{"line":30,"column":5}},"17":{"start":{"line":29,"column":6},"end":{"line":29,"column":34}},"18":{"start":{"line":34,"column":4},"end":{"line":34,"column":38}},"19":{"start":{"line":35,"column":4},"end":{"line":35,"column":34}},"20":{"start":{"line":39,"column":24},"end":{"line":42,"column":5}},"21":{"start":{"line":44,"column":4},"end":{"line":47,"column":30}},"22":{"start":{"line":51,"column":4},"end":{"line":62,"column":7}},"23":{"start":{"line":52,"column":6},"end":{"line":52,"column":53}},"24":{"start":{"line":53,"column":6},"end":{"line":56,"column":8}},"25":{"start":{"line":57,"column":6},"end":{"line":60,"column":8}},"26":{"start":{"line":61,"column":6},"end":{"line":61,"column":13}},"27":{"start":{"line":66,"column":4},"end":{"line":66,"column":18}},"28":{"start":{"line":68,"column":23},"end":{"line":68,"column":102}},"29":{"start":{"line":70,"column":4},"end":{"line":70,"column":38}},"30":{"start":{"line":71,"column":4},"end":{"line":79,"column":11}},"31":{"start":{"line":81,"column":23},"end":{"line":81,"column":80}},"32":{"start":{"line":82,"column":4},"end":{"line":84,"column":7}},"33":{"start":{"line":83,"column":6},"end":{"line":83,"column":52}},"34":{"start":{"line":86,"column":4},"end":{"line":86,"column":15}},"35":{"start":{"line":90,"column":4},"end":{"line":90,"column":19}},"36":{"start":{"line":94,"column":0},"end":{"line":94,"column":24}}},"fnMap":{"0":{"name":"(anonymous_0)","decl":{"start":{"line":14,"column":8},"end":{"line":14,"column":9}},"loc":{"start":{"line":14,"column":14},"end":{"line":19,"column":3}},"line":14},"1":{"name":"(anonymous_1)","decl":{"start":{"line":21,"column":14},"end":{"line":21,"column":15}},"loc":{"start":{"line":21,"column":20},"end":{"line":31,"column":3}},"line":21},"2":{"name":"(anonymous_2)","decl":{"start":{"line":33,"column":14},"end":{"line":33,"column":15}},"loc":{"start":{"line":33,"column":20},"end":{"line":36,"column":3}},"line":33},"3":{"name":"(anonymous_3)","decl":{"start":{"line":38,"column":17},"end":{"line":38,"column":18}},"loc":{"start":{"line":38,"column":23},"end":{"line":48,"column":3}},"line":38},"4":{"name":"(anonymous_4)","decl":{"start":{"line":50,"column":29},"end":{"line":50,"column":30}},"loc":{"start":{"line":50,"column":35},"end":{"line":63,"column":3}},"line":50},"5":{"name":"(anonymous_5)","decl":{"start":{"line":51,"column":12},"end":{"line":51,"column":13}},"loc":{"start":{"line":51,"column":32},"end":{"line":62,"column":5}},"line":51},"6":{"name":"(anonymous_6)","decl":{"start":{"line":65,"column":9},"end":{"line":65,"column":10}},"loc":{"start":{"line":65,"column":24},"end":{"line":87,"column":3}},"line":65},"7":{"name":"(anonymous_7)","decl":{"start":{"line":73,"column":14},"end":{"line":73,"column":15}},"loc":{"start":{"line":73,"column":20},"end":{"line":75,"column":9}},"line":73},"8":{"name":"(anonymous_8)","decl":{"start":{"line":76,"column":15},"end":{"line":76,"column":16}},"loc":{"start":{"line":76,"column":22},"end":{"line":79,"column":9}},"line":76},"9":{"name":"(anonymous_9)","decl":{"start":{"line":82,"column":36},"end":{"line":82,"column":37}},"loc":{"start":{"line":82,"column":42},"end":{"line":84,"column":5}},"line":82},"10":{"name":"(anonymous_10)","decl":{"start":{"line":89,"column":8},"end":{"line":89,"column":9}},"loc":{"start":{"line":89,"column":14},"end":{"line":91,"column":3}},"line":89}},"branchMap":{"0":{"loc":{"start":{"line":28,"column":4},"end":{"line":30,"column":5}},"type":"if","locations":[{"start":{"line":28,"column":4},"end":{"line":30,"column":5}},{"start":{"line":28,"column":4},"end":{"line":30,"column":5}}],"line":28},"1":{"loc":{"start":{"line":68,"column":23},"end":{"line":68,"column":102}},"type":"cond-expr","locations":[{"start":{"line":68,"column":59},"end":{"line":68,"column":76}},{"start":{"line":68,"column":79},"end":{"line":68,"column":102}}],"line":68},"2":{"loc":{"start":{"line":81,"column":23},"end":{"line":81,"column":80}},"type":"cond-expr","locations":[{"start":{"line":81,"column":62},"end":{"line":81,"column":73}},{"start":{"line":81,"column":76},"end":{"line":81,"column":80}}],"line":81}},"s":{"0":1,"1":1,"2":1,"3":1,"4":1,"5":1,"6":1,"7":1,"8":1,"9":1,"10":1,"11":1,"12":1,"13":1,"14":1,"15":1,"16":1,"17":0,"18":1,"19":1,"20":1,"21":1,"22":1,"23":14,"24":14,"25":14,"26":14,"27":1,"28":1,"29":1,"30":1,"31":1,"32":1,"33":1,"34":1,"35":0,"36":1},"f":{"0":1,"1":1,"2":1,"3":1,"4":1,"5":14,"6":1,"7":1,"8":0,"9":1,"10":0},"b":{"0":[0,1],"1":[1,0],"2":[0,1]},"_coverageSchema":"43e27e138ebf9cfc5966b082cf9a028302ed4184","hash":"7b0ec2e3f41fa41147c216e7e3b5038e6baf97bc","contentHash":"1b8984da23359afcf80fb95ecda981427c80bbbdc48b9824dcf62a9d2c3cdfac"},"/Users/piotrsikora/__special/OSBZB/bzbeelder-be/config.js":{"path":"/Users/piotrsikora/__special/OSBZB/bzbeelder-be/config.js","statementMap":{"0":{"start":{"line":1,"column":0},"end":{"line":13,"column":2}}},"fnMap":{},"branchMap":{},"s":{"0":1},"f":{},"b":{},"_coverageSchema":"43e27e138ebf9cfc5966b082cf9a028302ed4184","hash":"cab2f42c5f6c47e3006f2387843975d4a5b8f877","contentHash":"689bc5d43da400a9111dc598c7d760ab8e9d6fb11818c2cbefa0cd8e39a0e3c6"},"/Users/piotrsikora/__special/OSBZB/bzbeelder-be/core/modules/view/router.js":{"path":"/Users/piotrsikora/__special/OSBZB/bzbeelder-be/core/modules/view/router.js","statementMap":{"0":{"start":{"line":1,"column":16},"end":{"line":1,"column":34}},"1":{"start":{"line":2,"column":15},"end":{"line":2,"column":31}},"2":{"start":{"line":3,"column":27},"end":{"line":3,"column":70}},"3":{"start":{"line":6,"column":0},"end":{"line":6,"column":49}},"4":{"start":{"line":7,"column":0},"end":{"line":7,"column":47}},"5":{"start":{"line":10,"column":0},"end":{"line":10,"column":24}}},"fnMap":{},"branchMap":{},"s":{"0":1,"1":1,"2":1,"3":1,"4":1,"5":1},"f":{},"b":{},"_coverageSchema":"43e27e138ebf9cfc5966b082cf9a028302ed4184","hash":"dc3f31e7ffbabe9358642e54bbcf8515620b736f","contentHash":"4c2481b62fb2a48c9bf4fa5f1cc7526a74c31991a84290f3c335fb153eaab09c"},"/Users/piotrsikora/__special/OSBZB/bzbeelder-be/core/modules/view/controllers/PostViewController.js":{"path":"/Users/piotrsikora/__special/OSBZB/bzbeelder-be/core/modules/view/controllers/PostViewController.js","statementMap":{"0":{"start":{"line":1,"column":18},"end":{"line":1,"column":49}},"1":{"start":{"line":2,"column":19},"end":{"line":2,"column":57}},"2":{"start":{"line":3,"column":15},"end":{"line":3,"column":56}},"3":{"start":{"line":5,"column":13},"end":{"line":7,"column":1}},"4":{"start":{"line":6,"column":2},"end":{"line":6,"column":18}},"5":{"start":{"line":9,"column":25},"end":{"line":58,"column":1}},"6":{"start":{"line":11,"column":4},"end":{"line":24,"column":5}},"7":{"start":{"line":12,"column":24},"end":{"line":12,"column":65}},"8":{"start":{"line":14,"column":6},"end":{"line":19,"column":13}},"9":{"start":{"line":21,"column":6},"end":{"line":23,"column":21}},"10":{"start":{"line":28,"column":4},"end":{"line":28,"column":30}},"11":{"start":{"line":30,"column":4},"end":{"line":56,"column":5}},"12":{"start":{"line":38,"column":10},"end":{"line":39,"column":28}},"13":{"start":{"line":41,"column":6},"end":{"line":51,"column":13}},"14":{"start":{"line":53,"column":6},"end":{"line":55,"column":21}},"15":{"start":{"line":60,"column":0},"end":{"line":60,"column":36}}},"fnMap":{"0":{"name":"(anonymous_0)","decl":{"start":{"line":5,"column":13},"end":{"line":5,"column":14}},"loc":{"start":{"line":5,"column":19},"end":{"line":7,"column":1}},"line":5},"1":{"name":"(anonymous_1)","decl":{"start":{"line":10,"column":16},"end":{"line":10,"column":17}},"loc":{"start":{"line":10,"column":36},"end":{"line":25,"column":3}},"line":10},"2":{"name":"(anonymous_2)","decl":{"start":{"line":27,"column":11},"end":{"line":27,"column":12}},"loc":{"start":{"line":27,"column":38},"end":{"line":57,"column":3}},"line":27}},"branchMap":{},"s":{"0":1,"1":1,"2":1,"3":1,"4":0,"5":1,"6":0,"7":0,"8":0,"9":0,"10":0,"11":0,"12":0,"13":0,"14":0,"15":1},"f":{"0":0,"1":0,"2":0},"b":{},"_coverageSchema":"43e27e138ebf9cfc5966b082cf9a028302ed4184","hash":"96c1cc4a2ee0ac0db81ef0ca4b8a979e8e71eea7","contentHash":"bee3f67d7e8395a8a42c9428d955ee8c87a34cf03b3b5c0f76363ebdd7ea4f49"},"/Users/piotrsikora/__special/OSBZB/bzbeelder-be/core/modules/post/PostModel.js":{"path":"/Users/piotrsikora/__special/OSBZB/bzbeelder-be/core/modules/post/PostModel.js","statementMap":{"0":{"start":{"line":1,"column":17},"end":{"line":1,"column":36}},"1":{"start":{"line":2,"column":15},"end":{"line":2,"column":30}},"2":{"start":{"line":4,"column":15},"end":{"line":28,"column":2}},"3":{"start":{"line":30,"column":0},"end":{"line":30,"column":48}}},"fnMap":{},"branchMap":{},"s":{"0":1,"1":1,"2":1,"3":1},"f":{},"b":{},"_coverageSchema":"43e27e138ebf9cfc5966b082cf9a028302ed4184","hash":"e3a5463f25414651df4aeb01a52ab3c18439bb16","contentHash":"ed2c293be5cd6367d61140b69b33213f51a640e32a0be7d745ab2660ffb9face"},"/Users/piotrsikora/__special/OSBZB/bzbeelder-be/core/routes-api.js":{"path":"/Users/piotrsikora/__special/OSBZB/bzbeelder-be/core/routes-api.js","statementMap":{"0":{"start":{"line":1,"column":16},"end":{"line":1,"column":34}},"1":{"start":{"line":2,"column":15},"end":{"line":2,"column":31}},"2":{"start":{"line":4,"column":19},"end":{"line":4,"column":51}},"3":{"start":{"line":5,"column":19},"end":{"line":5,"column":51}},"4":{"start":{"line":7,"column":0},"end":{"line":7,"column":32}},"5":{"start":{"line":8,"column":0},"end":{"line":8,"column":33}},"6":{"start":{"line":10,"column":0},"end":{"line":10,"column":24}}},"fnMap":{},"branchMap":{},"s":{"0":1,"1":1,"2":1,"3":1,"4":1,"5":1,"6":1},"f":{},"b":{},"_coverageSchema":"43e27e138ebf9cfc5966b082cf9a028302ed4184","hash":"5f803038fdeb02f3a10730846ee7925eeb92a5e4","contentHash":"2e0ab3016ac4c743e8a9826a45400928cdbb47fe4eb6fa22771656c4df42567b"},"/Users/piotrsikora/__special/OSBZB/bzbeelder-be/core/modules/post/router.js":{"path":"/Users/piotrsikora/__special/OSBZB/bzbeelder-be/core/modules/post/router.js","statementMap":{"0":{"start":{"line":1,"column":16},"end":{"line":1,"column":34}},"1":{"start":{"line":2,"column":15},"end":{"line":2,"column":31}},"2":{"start":{"line":3,"column":17},"end":{"line":3,"column":44}},"3":{"start":{"line":4,"column":23},"end":{"line":4,"column":56}},"4":{"start":{"line":5,"column":13},"end":{"line":5,"column":38}},"5":{"start":{"line":7,"column":0},"end":{"line":12,"column":41}},"6":{"start":{"line":14,"column":0},"end":{"line":14,"column":24}}},"fnMap":{},"branchMap":{},"s":{"0":1,"1":1,"2":1,"3":1,"4":1,"5":1,"6":1},"f":{},"b":{},"_coverageSchema":"43e27e138ebf9cfc5966b082cf9a028302ed4184","hash":"256326c7917591ee1f6994a55333607f1cc27800","contentHash":"0216b6e7464825fea22b8118e9f4a5ad40e8287fdec200e1d531e0489f347dd3"},"/Users/piotrsikora/__special/OSBZB/bzbeelder-be/core/modules/post/PostController.js":{"path":"/Users/piotrsikora/__special/OSBZB/bzbeelder-be/core/modules/post/PostController.js","statementMap":{"0":{"start":{"line":1,"column":11},"end":{"line":1,"column":24}},"1":{"start":{"line":2,"column":12},"end":{"line":2,"column":26}},"2":{"start":{"line":3,"column":14},"end":{"line":3,"column":36}},"3":{"start":{"line":4,"column":19},"end":{"line":4,"column":54}},"4":{"start":{"line":5,"column":19},"end":{"line":5,"column":42}},"5":{"start":{"line":6,"column":24},"end":{"line":6,"column":66}},"6":{"start":{"line":8,"column":19},"end":{"line":8,"column":54}},"7":{"start":{"line":9,"column":23},"end":{"line":9,"column":62}},"8":{"start":{"line":10,"column":20},"end":{"line":10,"column":56}},"9":{"start":{"line":12,"column":23},"end":{"line":177,"column":1}},"10":{"start":{"line":14,"column":19},"end":{"line":14,"column":47}},"11":{"start":{"line":15,"column":22},"end":{"line":15,"column":24}},"12":{"start":{"line":17,"column":4},"end":{"line":27,"column":5}},"13":{"start":{"line":18,"column":19},"end":{"line":18,"column":73}},"14":{"start":{"line":20,"column":6},"end":{"line":22,"column":86}},"15":{"start":{"line":24,"column":6},"end":{"line":26,"column":51}},"16":{"start":{"line":31,"column":4},"end":{"line":41,"column":5}},"17":{"start":{"line":32,"column":19},"end":{"line":32,"column":62}},"18":{"start":{"line":34,"column":6},"end":{"line":36,"column":54}},"19":{"start":{"line":38,"column":6},"end":{"line":40,"column":51}},"20":{"start":{"line":45,"column":27},"end":{"line":45,"column":37}},"21":{"start":{"line":46,"column":14},"end":{"line":46,"column":22}},"22":{"start":{"line":48,"column":4},"end":{"line":60,"column":5}},"23":{"start":{"line":49,"column":19},"end":{"line":49,"column":30}},"24":{"start":{"line":50,"column":6},"end":{"line":50,"column":28}},"25":{"start":{"line":51,"column":22},"end":{"line":51,"column":78}},"26":{"start":{"line":53,"column":6},"end":{"line":55,"column":57}},"27":{"start":{"line":57,"column":6},"end":{"line":59,"column":51}},"28":{"start":{"line":64,"column":14},"end":{"line":64,"column":22}},"29":{"start":{"line":66,"column":4},"end":{"line":78,"column":5}},"30":{"start":{"line":67,"column":19},"end":{"line":67,"column":30}},"31":{"start":{"line":68,"column":6},"end":{"line":68,"column":28}},"32":{"start":{"line":69,"column":22},"end":{"line":69,"column":84}},"33":{"start":{"line":71,"column":6},"end":{"line":73,"column":57}},"34":{"start":{"line":75,"column":6},"end":{"line":77,"column":51}},"35":{"start":{"line":82,"column":4},"end":{"line":92,"column":5}},"36":{"start":{"line":83,"column":22},"end":{"line":83,"column":67}},"37":{"start":{"line":85,"column":6},"end":{"line":87,"column":57}},"38":{"start":{"line":89,"column":6},"end":{"line":91,"column":51}},"39":{"start":{"line":96,"column":19},"end":{"line":96,"column":50}},"40":{"start":{"line":98,"column":4},"end":{"line":116,"column":5}},"41":{"start":{"line":99,"column":24},"end":{"line":99,"column":26}},"42":{"start":{"line":100,"column":19},"end":{"line":104,"column":7}},"43":{"start":{"line":106,"column":6},"end":{"line":106,"column":37}},"44":{"start":{"line":107,"column":6},"end":{"line":107,"column":50}},"45":{"start":{"line":109,"column":6},"end":{"line":111,"column":24}},"46":{"start":{"line":113,"column":6},"end":{"line":115,"column":19}},"47":{"start":{"line":120,"column":4},"end":{"line":128,"column":7}},"48":{"start":{"line":121,"column":6},"end":{"line":127,"column":9}},"49":{"start":{"line":122,"column":8},"end":{"line":126,"column":9}},"50":{"start":{"line":123,"column":10},"end":{"line":123,"column":22}},"51":{"start":{"line":125,"column":10},"end":{"line":125,"column":28}},"52":{"start":{"line":132,"column":4},"end":{"line":132,"column":55}},"53":{"start":{"line":134,"column":4},"end":{"line":136,"column":32}},"54":{"start":{"line":144,"column":15},"end":{"line":144,"column":63}},"55":{"start":{"line":145,"column":4},"end":{"line":145,"column":69}},"56":{"start":{"line":149,"column":4},"end":{"line":166,"column":5}},"57":{"start":{"line":150,"column":24},"end":{"line":150,"column":26}},"58":{"start":{"line":151,"column":21},"end":{"line":151,"column":52}},"59":{"start":{"line":152,"column":19},"end":{"line":156,"column":7}},"60":{"start":{"line":158,"column":6},"end":{"line":163,"column":7}},"61":{"start":{"line":159,"column":8},"end":{"line":162,"column":9}},"62":{"start":{"line":160,"column":10},"end":{"line":160,"column":68}},"63":{"start":{"line":161,"column":10},"end":{"line":161,"column":107}},"64":{"start":{"line":165,"column":6},"end":{"line":165,"column":21}},"65":{"start":{"line":170,"column":4},"end":{"line":175,"column":5}},"66":{"start":{"line":171,"column":17},"end":{"line":171,"column":56}},"67":{"start":{"line":172,"column":6},"end":{"line":172,"column":78}},"68":{"start":{"line":174,"column":6},"end":{"line":174,"column":23}},"69":{"start":{"line":179,"column":0},"end":{"line":179,"column":32}}},"fnMap":{"0":{"name":"(anonymous_0)","decl":{"start":{"line":13,"column":8},"end":{"line":13,"column":9}},"loc":{"start":{"line":13,"column":28},"end":{"line":28,"column":3}},"line":13},"1":{"name":"(anonymous_1)","decl":{"start":{"line":30,"column":8},"end":{"line":30,"column":9}},"loc":{"start":{"line":30,"column":28},"end":{"line":42,"column":3}},"line":30},"2":{"name":"(anonymous_2)","decl":{"start":{"line":44,"column":10},"end":{"line":44,"column":11}},"loc":{"start":{"line":44,"column":30},"end":{"line":61,"column":3}},"line":44},"3":{"name":"(anonymous_3)","decl":{"start":{"line":63,"column":10},"end":{"line":63,"column":11}},"loc":{"start":{"line":63,"column":30},"end":{"line":79,"column":3}},"line":63},"4":{"name":"(anonymous_4)","decl":{"start":{"line":81,"column":10},"end":{"line":81,"column":11}},"loc":{"start":{"line":81,"column":30},"end":{"line":93,"column":3}},"line":81},"5":{"name":"(anonymous_5)","decl":{"start":{"line":95,"column":17},"end":{"line":95,"column":18}},"loc":{"start":{"line":95,"column":37},"end":{"line":117,"column":3}},"line":95},"6":{"name":"(anonymous_6)","decl":{"start":{"line":119,"column":18},"end":{"line":119,"column":19}},"loc":{"start":{"line":119,"column":41},"end":{"line":129,"column":3}},"line":119},"7":{"name":"(anonymous_7)","decl":{"start":{"line":120,"column":23},"end":{"line":120,"column":24}},"loc":{"start":{"line":120,"column":44},"end":{"line":128,"column":5}},"line":120},"8":{"name":"(anonymous_8)","decl":{"start":{"line":121,"column":38},"end":{"line":121,"column":39}},"loc":{"start":{"line":121,"column":52},"end":{"line":127,"column":7}},"line":121},"9":{"name":"(anonymous_9)","decl":{"start":{"line":131,"column":15},"end":{"line":131,"column":16}},"loc":{"start":{"line":131,"column":29},"end":{"line":137,"column":3}},"line":131},"10":{"name":"(anonymous_10)","decl":{"start":{"line":139,"column":25},"end":{"line":139,"column":26}},"loc":{"start":{"line":143,"column":7},"end":{"line":146,"column":3}},"line":143},"11":{"name":"(anonymous_11)","decl":{"start":{"line":148,"column":24},"end":{"line":148,"column":25}},"loc":{"start":{"line":148,"column":36},"end":{"line":167,"column":3}},"line":148},"12":{"name":"(anonymous_12)","decl":{"start":{"line":169,"column":17},"end":{"line":169,"column":18}},"loc":{"start":{"line":169,"column":29},"end":{"line":176,"column":3}},"line":169}},"branchMap":{"0":{"loc":{"start":{"line":122,"column":8},"end":{"line":126,"column":9}},"type":"if","locations":[{"start":{"line":122,"column":8},"end":{"line":126,"column":9}},{"start":{"line":122,"column":8},"end":{"line":126,"column":9}}],"line":122},"1":{"loc":{"start":{"line":159,"column":8},"end":{"line":162,"column":9}},"type":"if","locations":[{"start":{"line":159,"column":8},"end":{"line":162,"column":9}},{"start":{"line":159,"column":8},"end":{"line":162,"column":9}}],"line":159}},"s":{"0":1,"1":1,"2":1,"3":1,"4":1,"5":1,"6":1,"7":1,"8":1,"9":1,"10":4,"11":4,"12":4,"13":4,"14":4,"15":0,"16":1,"17":1,"18":1,"19":0,"20":1,"21":1,"22":1,"23":1,"24":1,"25":1,"26":1,"27":0,"28":1,"29":1,"30":1,"31":1,"32":1,"33":1,"34":0,"35":1,"36":1,"37":1,"38":0,"39":0,"40":0,"41":0,"42":0,"43":0,"44":0,"45":0,"46":0,"47":0,"48":0,"49":0,"50":0,"51":0,"52":0,"53":0,"54":0,"55":0,"56":0,"57":0,"58":0,"59":0,"60":0,"61":0,"62":0,"63":0,"64":0,"65":0,"66":0,"67":0,"68":0,"69":1},"f":{"0":4,"1":1,"2":1,"3":1,"4":1,"5":0,"6":0,"7":0,"8":0,"9":0,"10":0,"11":0,"12":0},"b":{"0":[0,0],"1":[0,0]},"_coverageSchema":"43e27e138ebf9cfc5966b082cf9a028302ed4184","hash":"3d2b2418ca3c257c55d8d37ac3b365a0c1801634","contentHash":"4c072687c1d2cf77574e4f3791bda1008bd4c8e079d7a365897861e1fdfce565"},"/Users/piotrsikora/__special/OSBZB/bzbeelder-be/core/modules/post/PostHelper.js":{"path":"/Users/piotrsikora/__special/OSBZB/bzbeelder-be/core/modules/post/PostHelper.js","statementMap":{"0":{"start":{"line":3,"column":22},"end":{"line":21,"column":2}},"1":{"start":{"line":23,"column":0},"end":{"line":23,"column":31}}},"fnMap":{},"branchMap":{},"s":{"0":1,"1":1},"f":{},"b":{},"_coverageSchema":"43e27e138ebf9cfc5966b082cf9a028302ed4184","hash":"9056c9fb421ad66a07f6eb8506210edfa2e8296e","contentHash":"d9cb1037c080f5644fd65e3d923c257e0e4ab54846d93d939e321572a79f36ba"},"/Users/piotrsikora/__special/OSBZB/bzbeelder-be/core/modules/user/helpers/UserTokenHelper.js":{"path":"/Users/piotrsikora/__special/OSBZB/bzbeelder-be/core/modules/user/helpers/UserTokenHelper.js","statementMap":{"0":{"start":{"line":3,"column":16},"end":{"line":3,"column":34}},"1":{"start":{"line":4,"column":19},"end":{"line":4,"column":57}},"2":{"start":{"line":5,"column":18},"end":{"line":5,"column":48}},"3":{"start":{"line":8,"column":15},"end":{"line":40,"column":1}},"4":{"start":{"line":11,"column":4},"end":{"line":12,"column":39}},"5":{"start":{"line":16,"column":4},"end":{"line":17,"column":54}},"6":{"start":{"line":21,"column":4},"end":{"line":22,"column":45}},"7":{"start":{"line":26,"column":4},"end":{"line":27,"column":49}},"8":{"start":{"line":31,"column":4},"end":{"line":32,"column":52}},"9":{"start":{"line":36,"column":4},"end":{"line":37,"column":40}},"10":{"start":{"line":42,"column":0},"end":{"line":42,"column":24}}},"fnMap":{"0":{"name":"(anonymous_0)","decl":{"start":{"line":9,"column":10},"end":{"line":9,"column":11}},"loc":{"start":{"line":9,"column":19},"end":{"line":13,"column":3}},"line":9},"1":{"name":"(anonymous_1)","decl":{"start":{"line":15,"column":20},"end":{"line":15,"column":21}},"loc":{"start":{"line":15,"column":31},"end":{"line":18,"column":3}},"line":15},"2":{"name":"(anonymous_2)","decl":{"start":{"line":20,"column":8},"end":{"line":20,"column":9}},"loc":{"start":{"line":20,"column":28},"end":{"line":23,"column":3}},"line":20},"3":{"name":"(anonymous_3)","decl":{"start":{"line":25,"column":11},"end":{"line":25,"column":12}},"loc":{"start":{"line":25,"column":17},"end":{"line":28,"column":3}},"line":25},"4":{"name":"(anonymous_4)","decl":{"start":{"line":30,"column":10},"end":{"line":30,"column":11}},"loc":{"start":{"line":30,"column":42},"end":{"line":33,"column":3}},"line":30},"5":{"name":"(anonymous_5)","decl":{"start":{"line":35,"column":10},"end":{"line":35,"column":11}},"loc":{"start":{"line":35,"column":30},"end":{"line":38,"column":3}},"line":35}},"branchMap":{},"s":{"0":1,"1":1,"2":1,"3":1,"4":3,"5":8,"6":0,"7":0,"8":0,"9":0,"10":1},"f":{"0":3,"1":8,"2":0,"3":0,"4":0,"5":0},"b":{},"_coverageSchema":"43e27e138ebf9cfc5966b082cf9a028302ed4184","hash":"d7b9d155e03fead32548d7e1fa4a37e86afc5c8a","contentHash":"0031b448f85e24d3be1659c43b87f10b40bdc1fcfefc3498a291c9b28a71dd98"},"/Users/piotrsikora/__special/OSBZB/bzbeelder-be/core/modules/user/models/UserToken.js":{"path":"/Users/piotrsikora/__special/OSBZB/bzbeelder-be/core/modules/user/models/UserToken.js","statementMap":{"0":{"start":{"line":1,"column":17},"end":{"line":1,"column":36}},"1":{"start":{"line":2,"column":15},"end":{"line":2,"column":30}},"2":{"start":{"line":4,"column":13},"end":{"line":27,"column":2}},"3":{"start":{"line":29,"column":0},"end":{"line":29,"column":53}}},"fnMap":{},"branchMap":{},"s":{"0":1,"1":1,"2":1,"3":1},"f":{},"b":{},"_coverageSchema":"43e27e138ebf9cfc5966b082cf9a028302ed4184","hash":"9ec5e6e3b87191f277ce0a44f3b0a1ddfb0cc2b8","contentHash":"4ba68915c208906afb125770ac3d6914d10ede05883fe86dfb299f966cc27e96"},"/Users/piotrsikora/__special/OSBZB/bzbeelder-be/core/helpers/FileHelper.js":{"path":"/Users/piotrsikora/__special/OSBZB/bzbeelder-be/core/helpers/FileHelper.js","statementMap":{"0":{"start":{"line":1,"column":11},"end":{"line":1,"column":24}},"1":{"start":{"line":2,"column":13},"end":{"line":2,"column":28}},"2":{"start":{"line":5,"column":13},"end":{"line":5,"column":40}},"3":{"start":{"line":6,"column":13},"end":{"line":6,"column":41}},"4":{"start":{"line":8,"column":2},"end":{"line":17,"column":5}},"5":{"start":{"line":9,"column":4},"end":{"line":9,"column":27}},"6":{"start":{"line":10,"column":4},"end":{"line":10,"column":27}},"7":{"start":{"line":11,"column":4},"end":{"line":11,"column":29}},"8":{"start":{"line":12,"column":4},"end":{"line":12,"column":16}},"9":{"start":{"line":14,"column":4},"end":{"line":14,"column":17}},"10":{"start":{"line":15,"column":4},"end":{"line":15,"column":13}},"11":{"start":{"line":16,"column":4},"end":{"line":16,"column":16}},"12":{"start":{"line":21,"column":2},"end":{"line":25,"column":3}},"13":{"start":{"line":22,"column":4},"end":{"line":22,"column":16}},"14":{"start":{"line":24,"column":4},"end":{"line":24,"column":17}},"15":{"start":{"line":29,"column":16},"end":{"line":29,"column":30}},"16":{"start":{"line":30,"column":22},"end":{"line":30,"column":24}},"17":{"start":{"line":32,"column":2},"end":{"line":42,"column":5}},"18":{"start":{"line":33,"column":4},"end":{"line":37,"column":5}},"19":{"start":{"line":34,"column":6},"end":{"line":34,"column":25}},"20":{"start":{"line":36,"column":6},"end":{"line":36,"column":31}},"21":{"start":{"line":39,"column":4},"end":{"line":41,"column":5}},"22":{"start":{"line":40,"column":6},"end":{"line":40,"column":34}},"23":{"start":{"line":46,"column":2},"end":{"line":58,"column":3}},"24":{"start":{"line":47,"column":4},"end":{"line":56,"column":7}},"25":{"start":{"line":48,"column":20},"end":{"line":48,"column":37}},"26":{"start":{"line":49,"column":6},"end":{"line":55,"column":7}},"27":{"start":{"line":51,"column":8},"end":{"line":51,"column":39}},"28":{"start":{"line":54,"column":8},"end":{"line":54,"column":31}},"29":{"start":{"line":57,"column":4},"end":{"line":57,"column":23}},"30":{"start":{"line":62,"column":14},"end":{"line":62,"column":22}},"31":{"start":{"line":63,"column":18},"end":{"line":63,"column":55}},"32":{"start":{"line":64,"column":18},"end":{"line":64,"column":54}},"33":{"start":{"line":66,"column":2},"end":{"line":89,"column":14}},"34":{"start":{"line":67,"column":19},"end":{"line":67,"column":61}},"35":{"start":{"line":68,"column":4},"end":{"line":86,"column":5}},"36":{"start":{"line":69,"column":6},"end":{"line":69,"column":27}},"37":{"start":{"line":71,"column":6},"end":{"line":74,"column":7}},"38":{"start":{"line":73,"column":8},"end":{"line":73,"column":22}},"39":{"start":{"line":77,"column":6},"end":{"line":80,"column":7}},"40":{"start":{"line":79,"column":8},"end":{"line":79,"column":75}},"41":{"start":{"line":82,"column":24},"end":{"line":82,"column":76}},"42":{"start":{"line":83,"column":6},"end":{"line":85,"column":7}},"43":{"start":{"line":84,"column":8},"end":{"line":84,"column":18}},"44":{"start":{"line":88,"column":4},"end":{"line":88,"column":18}},"45":{"start":{"line":92,"column":0},"end":{"line":98,"column":2}}},"fnMap":{"0":{"name":"copyFile","decl":{"start":{"line":4,"column":9},"end":{"line":4,"column":17}},"loc":{"start":{"line":4,"column":34},"end":{"line":18,"column":1}},"line":4},"1":{"name":"(anonymous_1)","decl":{"start":{"line":8,"column":21},"end":{"line":8,"column":22}},"loc":{"start":{"line":8,"column":47},"end":{"line":13,"column":3}},"line":8},"2":{"name":"(anonymous_2)","decl":{"start":{"line":13,"column":11},"end":{"line":13,"column":12}},"loc":{"start":{"line":13,"column":27},"end":{"line":17,"column":3}},"line":13},"3":{"name":"fileExists","decl":{"start":{"line":20,"column":9},"end":{"line":20,"column":19}},"loc":{"start":{"line":20,"column":26},"end":{"line":26,"column":1}},"line":20},"4":{"name":"createDir","decl":{"start":{"line":28,"column":9},"end":{"line":28,"column":18}},"loc":{"start":{"line":28,"column":24},"end":{"line":43,"column":1}},"line":28},"5":{"name":"(anonymous_5)","decl":{"start":{"line":32,"column":16},"end":{"line":32,"column":17}},"loc":{"start":{"line":32,"column":28},"end":{"line":42,"column":3}},"line":32},"6":{"name":"deleteFolderRecursive","decl":{"start":{"line":45,"column":9},"end":{"line":45,"column":30}},"loc":{"start":{"line":45,"column":37},"end":{"line":59,"column":1}},"line":45},"7":{"name":"(anonymous_7)","decl":{"start":{"line":47,"column":33},"end":{"line":47,"column":34}},"loc":{"start":{"line":47,"column":55},"end":{"line":56,"column":5}},"line":47},"8":{"name":"mkDirByPathSync","decl":{"start":{"line":61,"column":9},"end":{"line":61,"column":24}},"loc":{"start":{"line":61,"column":73},"end":{"line":90,"column":1}},"line":61},"9":{"name":"(anonymous_9)","decl":{"start":{"line":66,"column":37},"end":{"line":66,"column":38}},"loc":{"start":{"line":66,"column":62},"end":{"line":89,"column":3}},"line":66}},"branchMap":{"0":{"loc":{"start":{"line":21,"column":2},"end":{"line":25,"column":3}},"type":"if","locations":[{"start":{"line":21,"column":2},"end":{"line":25,"column":3}},{"start":{"line":21,"column":2},"end":{"line":25,"column":3}}],"line":21},"1":{"loc":{"start":{"line":33,"column":4},"end":{"line":37,"column":5}},"type":"if","locations":[{"start":{"line":33,"column":4},"end":{"line":37,"column":5}},{"start":{"line":33,"column":4},"end":{"line":37,"column":5}}],"line":33},"2":{"loc":{"start":{"line":39,"column":4},"end":{"line":41,"column":5}},"type":"if","locations":[{"start":{"line":39,"column":4},"end":{"line":41,"column":5}},{"start":{"line":39,"column":4},"end":{"line":41,"column":5}}],"line":39},"3":{"loc":{"start":{"line":46,"column":2},"end":{"line":58,"column":3}},"type":"if","locations":[{"start":{"line":46,"column":2},"end":{"line":58,"column":3}},{"start":{"line":46,"column":2},"end":{"line":58,"column":3}}],"line":46},"4":{"loc":{"start":{"line":49,"column":6},"end":{"line":55,"column":7}},"type":"if","locations":[{"start":{"line":49,"column":6},"end":{"line":55,"column":7}},{"start":{"line":49,"column":6},"end":{"line":55,"column":7}}],"line":49},"5":{"loc":{"start":{"line":61,"column":36},"end":{"line":61,"column":71}},"type":"default-arg","locations":[{"start":{"line":61,"column":69},"end":{"line":61,"column":71}}],"line":61},"6":{"loc":{"start":{"line":61,"column":38},"end":{"line":61,"column":64}},"type":"default-arg","locations":[{"start":{"line":61,"column":59},"end":{"line":61,"column":64}}],"line":61},"7":{"loc":{"start":{"line":63,"column":18},"end":{"line":63,"column":55}},"type":"cond-expr","locations":[{"start":{"line":63,"column":47},"end":{"line":63,"column":50}},{"start":{"line":63,"column":53},"end":{"line":63,"column":55}}],"line":63},"8":{"loc":{"start":{"line":64,"column":18},"end":{"line":64,"column":54}},"type":"cond-expr","locations":[{"start":{"line":64,"column":39},"end":{"line":64,"column":48}},{"start":{"line":64,"column":51},"end":{"line":64,"column":54}}],"line":64},"9":{"loc":{"start":{"line":71,"column":6},"end":{"line":74,"column":7}},"type":"if","locations":[{"start":{"line":71,"column":6},"end":{"line":74,"column":7}},{"start":{"line":71,"column":6},"end":{"line":74,"column":7}}],"line":71},"10":{"loc":{"start":{"line":77,"column":6},"end":{"line":80,"column":7}},"type":"if","locations":[{"start":{"line":77,"column":6},"end":{"line":80,"column":7}},{"start":{"line":77,"column":6},"end":{"line":80,"column":7}}],"line":77},"11":{"loc":{"start":{"line":83,"column":6},"end":{"line":85,"column":7}},"type":"if","locations":[{"start":{"line":83,"column":6},"end":{"line":85,"column":7}},{"start":{"line":83,"column":6},"end":{"line":85,"column":7}}],"line":83},"12":{"loc":{"start":{"line":83,"column":10},"end":{"line":83,"column":73}},"type":"binary-expr","locations":[{"start":{"line":83,"column":10},"end":{"line":83,"column":20}},{"start":{"line":83,"column":25},"end":{"line":83,"column":34}},{"start":{"line":83,"column":38},"end":{"line":83,"column":72}}],"line":83}},"s":{"0":1,"1":1,"2":0,"3":0,"4":0,"5":0,"6":0,"7":0,"8":0,"9":0,"10":0,"11":0,"12":0,"13":0,"14":0,"15":0,"16":0,"17":0,"18":0,"19":0,"20":0,"21":0,"22":0,"23":0,"24":0,"25":0,"26":0,"27":0,"28":0,"29":0,"30":0,"31":0,"32":0,"33":0,"34":0,"35":0,"36":0,"37":0,"38":0,"39":0,"40":0,"41":0,"4
[...]
"end":{"line":84,"column":9}},"20":{"start":{"line":42,"column":10},"end":{"line":83,"column":11}},"21":{"start":{"line":43,"column":12},"end":{"line":46,"column":15}},"22":{"start":{"line":48,"column":12},"end":{"line":82,"column":15}},"23":{"start":{"line":49,"column":14},"end":{"line":81,"column":15}},"24":{"start":{"line":50,"column":16},"end":{"line":78,"column":17}},"25":{"start":{"line":51,"column":34},"end":{"line":53,"column":19}},"26":{"start":{"line":55,"column":30},"end":{"line":57,"column":20}},"27":{"start":{"line":59,"column":34},"end":{"line":59,"column":51}},"28":{"start":{"line":61,"column":18},"end":{"line":72,"column":21}},"29":{"start":{"line":67,"column":20},"end":{"line":71,"column":23}},"30":{"start":{"line":74,"column":18},"end":{"line":77,"column":21}},"31":{"start":{"line":80,"column":16},"end":{"line":80,"column":28}},"32":{"start":{"line":92,"column":0},"end":{"line":92,"column":28}}},"fnMap":{"0":{"name":"(anonymous_0)","decl":{"start":{"line":10,"column":12},"end":{"line":10,"column":13}},"loc":{"start":{"line":10,"column":33},"end":{"line":28,"column":3}},"line":10},"1":{"name":"(anonymous_1)","decl":{"start":{"line":13,"column":23},"end":{"line":13,"column":24}},"loc":{"start":{"line":13,"column":44},"end":{"line":27,"column":5}},"line":13},"2":{"name":"(anonymous_2)","decl":{"start":{"line":20,"column":16},"end":{"line":20,"column":17}},"loc":{"start":{"line":20,"column":34},"end":{"line":26,"column":7}},"line":20},"3":{"name":"(anonymous_3)","decl":{"start":{"line":30,"column":9},"end":{"line":30,"column":10}},"loc":{"start":{"line":30,"column":30},"end":{"line":87,"column":3}},"line":30},"4":{"name":"(anonymous_4)","decl":{"start":{"line":31,"column":23},"end":{"line":31,"column":24}},"loc":{"start":{"line":31,"column":44},"end":{"line":86,"column":5}},"line":31},"5":{"name":"(anonymous_5)","decl":{"start":{"line":32,"column":37},"end":{"line":32,"column":38}},"loc":{"start":{"line":32,"column":52},"end":{"line":85,"column":7}},"line":32},"6":{"name":"(anonymous_6)","decl":{"start":{"line":48,"column":52},"end":{"line":48,"column":53}},"loc":{"start":{"line":48,"column":69},"end":{"line":82,"column":13}},"line":48},"7":{"name":"(anonymous_7)","decl":{"start":{"line":66,"column":26},"end":{"line":66,"column":27}},"loc":{"start":{"line":66,"column":34},"end":{"line":72,"column":19}},"line":66},"8":{"name":"(anonymous_8)","decl":{"start":{"line":89,"column":10},"end":{"line":89,"column":11}},"loc":{"start":{"line":89,"column":16},"end":{"line":89,"column":18}},"line":89}},"branchMap":{"0":{"loc":{"start":{"line":21,"column":8},"end":{"line":25,"column":9}},"type":"if","locations":[{"start":{"line":21,"column":8},"end":{"line":25,"column":9}},{"start":{"line":21,"column":8},"end":{"line":25,"column":9}}],"line":21},"1":{"loc":{"start":{"line":33,"column":8},"end":{"line":35,"column":9}},"type":"if","locations":[{"start":{"line":33,"column":8},"end":{"line":35,"column":9}},{"start":{"line":33,"column":8},"end":{"line":35,"column":9}}],"line":33},"2":{"loc":{"start":{"line":36,"column":8},"end":{"line":84,"column":9}},"type":"if","locations":[{"start":{"line":36,"column":8},"end":{"line":84,"column":9}},{"start":{"line":36,"column":8},"end":{"line":84,"column":9}}],"line":36},"3":{"loc":{"start":{"line":41,"column":15},"end":{"line":84,"column":9}},"type":"if","locations":[{"start":{"line":41,"column":15},"end":{"line":84,"column":9}},{"start":{"line":41,"column":15},"end":{"line":84,"column":9}}],"line":41},"4":{"loc":{"start":{"line":42,"column":10},"end":{"line":83,"column":11}},"type":"if","locations":[{"start":{"line":42,"column":10},"end":{"line":83,"column":11}},{"start":{"line":42,"column":10},"end":{"line":83,"column":11}}],"line":42},"5":{"loc":{"start":{"line":49,"column":14},"end":{"line":81,"column":15}},"type":"if","locations":[{"start":{"line":49,"column":14},"end":{"line":81,"column":15}},{"start":{"line":49,"column":14},"end":{"line":81,"column":15}}],"line":49},"6":{"loc":{"start":{"line":50,"column":16},"end":{"line":78,"column":17}},"type":"if","locations":[{"start":{"line":50,"column":16},"end":{"line":78,"column":17}},{"start":{"line":50,"column":16},"end":{"line":78,"column":17}}],"line":50}},"s":{"0":1,"1":1,"2":1,"3":1,"4":1,"5":1,"6":2,"7":2,"8":2,"9":2,"10":2,"11":0,"12":2,"13":4,"14":4,"15":4,"16":0,"17":4,"18":0,"19":4,"20":4,"21":1,"22":3,"23":3,"24":3,"25":3,"26":3,"27":3,"28":3,"29":3,"30":0,"31":0,"32":1},"f":{"0":2,"1":2,"2":2,"3":4,"4":4,"5":4,"6":3,"7":3,"8":0},"b":{"0":[0,2],"1":[0,4],"2":[0,4],"3":[4,0],"4":[1,3],"5":[3,0],"6":[3,0]},"_coverageSchema":"43e27e138ebf9cfc5966b082cf9a028302ed4184","hash":"fed653fc37a11243874a8a1469888699f59d8f29","contentHash":"09dee59beb94e98b545c3da14989cde5cbdd0e6b9a21b750fc4527eb0734fe7e"},"/Users/piotrsikora/__special/OSBZB/bzbeelder-be/core/modules/post/__test__/Post.spec.js":{"path":"/Users/piotrsikora/__special/OSBZB/bzbeelder-be/core/modules/post/__test__/Post.spec.js","statementMap":{"0":{"start":{"line":1,"column":0},"end":{"line":1,"column":30}},"1":{"start":{"line":3,"column":17},"end":{"line":3,"column":36}},"2":{"start":{"line":4,"column":18},"end":{"line":4,"column":51}},"3":{"start":{"line":5,"column":14},"end":{"line":5,"column":37}},"4":{"start":{"line":7,"column":13},"end":{"line":7,"column":28}},"5":{"start":{"line":8,"column":17},"end":{"line":8,"column":37}},"6":{"start":{"line":9,"column":12},"end":{"line":9,"column":38}},"7":{"start":{"line":10,"column":15},"end":{"line":10,"column":28}},"8":{"start":{"line":11,"column":15},"end":{"line":11,"column":37}},"9":{"start":{"line":13,"column":0},"end":{"line":13,"column":19}},"10":{"start":{"line":15,"column":17},"end":{"line":15,"column":30}},"11":{"start":{"line":16,"column":20},"end":{"line":16,"column":33}},"12":{"start":{"line":21,"column":0},"end":{"line":230,"column":3}},"13":{"start":{"line":22,"column":2},"end":{"line":45,"column":5}},"14":{"start":{"line":23,"column":4},"end":{"line":44,"column":7}},"15":{"start":{"line":24,"column":6},"end":{"line":43,"column":11}},"16":{"start":{"line":29,"column":10},"end":{"line":42,"column":12}},"17":{"start":{"line":33,"column":14},"end":{"line":40,"column":19}},"18":{"start":{"line":38,"column":18},"end":{"line":38,"column":41}},"19":{"start":{"line":39,"column":18},"end":{"line":39,"column":25}},"20":{"start":{"line":47,"column":2},"end":{"line":229,"column":5}},"21":{"start":{"line":48,"column":4},"end":{"line":64,"column":7}},"22":{"start":{"line":49,"column":6},"end":{"line":63,"column":11}},"23":{"start":{"line":55,"column":20},"end":{"line":55,"column":28}},"24":{"start":{"line":57,"column":10},"end":{"line":57,"column":48}},"25":{"start":{"line":58,"column":10},"end":{"line":58,"column":47}},"26":{"start":{"line":59,"column":10},"end":{"line":59,"column":45}},"27":{"start":{"line":61,"column":10},"end":{"line":61,"column":33}},"28":{"start":{"line":62,"column":10},"end":{"line":62,"column":17}},"29":{"start":{"line":66,"column":4},"end":{"line":85,"column":7}},"30":{"start":{"line":67,"column":6},"end":{"line":84,"column":11}},"31":{"start":{"line":72,"column":20},"end":{"line":72,"column":28}},"32":{"start":{"line":73,"column":22},"end":{"line":73,"column":28}},"33":{"start":{"line":75,"column":10},"end":{"line":75,"column":48}},"34":{"start":{"line":76,"column":10},"end":{"line":76,"column":47}},"35":{"start":{"line":77,"column":10},"end":{"line":77,"column":45}},"36":{"start":{"line":79,"column":10},"end":{"line":79,"column":46}},"37":{"start":{"line":80,"column":10},"end":{"line":80,"column":48}},"38":{"start":{"line":81,"column":10},"end":{"line":81,"column":54}},"39":{"start":{"line":83,"column":10},"end":{"line":83,"column":17}},"40":{"start":{"line":87,"column":4},"end":{"line":111,"column":7}},"41":{"start":{"line":88,"column":23},"end":{"line":88,"column":34}},"42":{"start":{"line":90,"column":6},"end":{"line":110,"column":11}},"43":{"start":{"line":96,"column":20},"end":{"line":96,"column":28}},"44":{"start":{"line":97,"column":22},"end":{"line":97,"column":28}},"45":{"start":{"line":99,"column":10},"end":{"line":99,"column":48}},"46":{"start":{"line":100,"column":10},"end":{"line":100,"column":47}},"47":{"start":{"line":101,"column":10},"end":{"line":101,"column":45}},"48":{"start":{"line":103,"column":10},"end":{"line":103,"column":46}},"49":{"start":{"line":104,"column":10},"end":{"line":104,"column":48}},"50":{"start":{"line":105,"column":10},"end":{"line":105,"column":54}},"51":{"start":{"line":107,"column":10},"end":{"line":107,"column":47}},"52":{"start":{"line":109,"column":10},"end":{"line":109,"column":17}},"53":{"start":{"line":114,"column":4},"end":{"line":209,"column":7}},"54":{"start":{"line":115,"column":6},"end":{"line":127,"column":9}},"55":{"start":{"line":116,"column":23},"end":{"line":120,"column":9}},"56":{"start":{"line":122,"column":8},"end":{"line":126,"column":11}},"57":{"start":{"line":123,"column":10},"end":{"line":125,"column":12}},"58":{"start":{"line":124,"column":12},"end":{"line":124,"column":19}},"59":{"start":{"line":129,"column":6},"end":{"line":146,"column":9}},"60":{"start":{"line":130,"column":8},"end":{"line":145,"column":13}},"61":{"start":{"line":135,"column":22},"end":{"line":135,"column":30}},"62":{"start":{"line":136,"column":25},"end":{"line":136,"column":31}},"63":{"start":{"line":138,"column":12},"end":{"line":138,"column":50}},"64":{"start":{"line":139,"column":12},"end":{"line":139,"column":49}},"65":{"start":{"line":140,"column":12},"end":{"line":140,"column":47}},"66":{"start":{"line":142,"column":12},"end":{"line":142,"column":52}},"67":{"start":{"line":143,"column":12},"end":{"line":143,"column":54}},"68":{"start":{"line":144,"column":12},"end":{"line":144,"column":19}},"69":{"start":{"line":148,"column":6},"end":{"line":166,"column":9}},"70":{"start":{"line":149,"column":8},"end":{"line":165,"column":13}},"71":{"start":{"line":154,"column":22},"end":{"line":154,"column":30}},"72":{"start":{"line":155,"column":25},"end":{"line":155,"column":31}},"73":{"start":{"line":157,"column":12},"end":{"line":157,"column":50}},"74":{"start":{"line":158,"column":12},"end":{"line":158,"column":49}},"75":{"start":{"line":159,"column":12},"end":{"line":159,"column":47}},"76":{"start":{"line":161,"column":12},"end":{"line":161,"column":52}},"77":{"start":{"line":162,"column":12},"end":{"line":162,"column":54}},"78":{"start":{"line":164,"column":12},"end":{"line":164,"column":19}},"79":{"start":{"line":168,"column":6},"end":{"line":187,"column":9}},"80":{"start":{"line":169,"column":8},"end":{"line":186,"column":13}},"81":{"start":{"line":174,"column":22},"end":{"line":174,"column":30}},"82":{"start":{"line":175,"column":25},"end":{"line":175,"column":31}},"83":{"start":{"line":177,"column":12},"end":{"line":177,"column":50}},"84":{"start":{"line":178,"column":12},"end":{"line":178,"column":49}},"85":{"start":{"line":179,"column":12},"end":{"line":179,"column":47}},"86":{"start":{"line":181,"column":12},"end":{"line":181,"column":44}},"87":{"start":{"line":182,"column":12},"end":{"line":182,"column":52}},"88":{"start":{"line":183,"column":12},"end":{"line":183,"column":54}},"89":{"start":{"line":185,"column":12},"end":{"line":185,"column":19}},"90":{"start":{"line":189,"column":6},"end":{"line":208,"column":9}},"91":{"start":{"line":190,"column":8},"end":{"line":207,"column":13}},"92":{"start":{"line":195,"column":22},"end":{"line":195,"column":30}},"93":{"start":{"line":196,"column":25},"end":{"line":196,"column":31}},"94":{"start":{"line":198,"column":12},"end":{"line":198,"column":50}},"95":{"start":{"line":199,"column":12},"end":{"line":199,"column":49}},"96":{"start":{"line":200,"column":12},"end":{"line":200,"column":47}},"97":{"start":{"line":202,"column":12},"end":{"line":202,"column":44}},"98":{"start":{"line":203,"column":12},"end":{"line":203,"column":52}},"99":{"start":{"line":204,"column":12},"end":{"line":204,"column":54}},"100":{"start":{"line":206,"column":12},"end":{"line":206,"column":19}},"101":{"start":{"line":211,"column":4},"end":{"line":226,"column":7}},"102":{"start":{"line":212,"column":6},"end":{"line":225,"column":11}},"103":{"start":{"line":218,"column":20},"end":{"line":218,"column":28}},"104":{"start":{"line":220,"column":10},"end":{"line":220,"column":48}},"105":{"start":{"line":221,"column":10},"end":{"line":221,"column":47}},"106":{"start":{"line":222,"column":10},"end":{"line":222,"column":45}},"107":{"start":{"line":224,"column":10},"end":{"line":224,"column":17}}},"fnMap":{"0":{"name":"(anonymous_0)","decl":{"start":{"line":21,"column":17},"end":{"line":21,"column":18}},"loc":{"start":{"line":21,"column":23},"end":{"line":230,"column":1}},"line":21},"1":{"name":"(anonymous_1)","decl":{"start":{"line":22,"column":9},"end":{"line":22,"column":10}},"loc":{"start":{"line":22,"column":17},"end":{"line":45,"column":3}},"line":22},"2":{"name":"(anonymous_2)","decl":{"start":{"line":23,"column":52},"end":{"line":23,"column":53}},"loc":{"start":{"line":23,"column":59},"end":{"line":44,"column":5}},"line":23},"3":{"name":"(anonymous_3)","decl":{"start":{"line":28,"column":13},"end":{"line":28,"column":14}},"loc":{"start":{"line":28,"column":27},"end":{"line":43,"column":9}},"line":28},"4":{"name":"(anonymous_4)","decl":{"start":{"line":32,"column":12},"end":{"line":32,"column":13}},"loc":{"start":{"line":32,"column":26},"end":{"line":41,"column":13}},"line":32},"5":{"name":"(anonymous_5)","decl":{"start":{"line":37,"column":21},"end":{"line":37,"column":22}},"loc":{"start":{"line":37,"column":35},"end":{"line":40,"column":17}},"line":37},"6":{"name":"(anonymous_6)","decl":{"start":{"line":47,"column":29},"end":{"line":47,"column":30}},"loc":{"start":{"line":47,"column":35},"end":{"line":229,"column":3}},"line":47},"7":{"name":"(anonymous_7)","decl":{"start":{"line":48,"column":47},"end":{"line":48,"column":48}},"loc":{"start":{"line":48,"column":55},"end":{"line":64,"column":5}},"line":48},"8":{"name":"(anonymous_8)","decl":{"start":{"line":54,"column":13},"end":{"line":54,"column":14}},"loc":{"start":{"line":54,"column":27},"end":{"line":63,"column":9}},"line":54},"9":{"name":"(anonymous_9)","decl":{"start":{"line":66,"column":44},"end":{"line":66,"column":45}},"loc":{"start":{"line":66,"column":52},"end":{"line":85,"column":5}},"line":66},"10":{"name":"(anonymous_10)","decl":{"start":{"line":71,"column":13},"end":{"line":71,"column":14}},"loc":{"start":{"line":71,"column":27},"end":{"line":84,"column":9}},"line":71},"11":{"name":"(anonymous_11)","decl":{"start":{"line":87,"column":46},"end":{"line":87,"column":47}},"loc":{"start":{"line":87,"column":54},"end":{"line":111,"column":5}},"line":87},"12":{"name":"(anonymous_12)","decl":{"start":{"line":95,"column":13},"end":{"line":95,"column":14}},"loc":{"start":{"line":95,"column":27},"end":{"line":110,"column":9}},"line":95},"13":{"name":"(anonymous_13)","decl":{"start":{"line":114,"column":51},"end":{"line":114,"column":52}},"loc":{"start":{"line":114,"column":57},"end":{"line":209,"column":5}},"line":114},"14":{"name":"(anonymous_14)","decl":{"start":{"line":115,"column":14},"end":{"line":115,"column":15}},"loc":{"start":{"line":115,"column":22},"end":{"line":127,"column":7}},"line":115},"15":{"name":"(anonymous_15)","decl":{"start":{"line":122,"column":25},"end":{"line":122,"column":26}},"loc":{"start":{"line":122,"column":30},"end":{"line":126,"column":9}},"line":122},"16":{"name":"(anonymous_16)","decl":{"start":{"line":123,"column":31},"end":{"line":123,"column":32}},"loc":{"start":{"line":123,"column":37},"end":{"line":125,"column":11}},"line":123},"17":{"name":"(anonymous_17)","decl":{"start":{"line":129,"column":47},"end":{"line":129,"column":48}},"loc":{"start":{"line":129,"column":55},"end":{"line":146,"column":7}},"line":129},"18":{"name":"(anonymous_18)","decl":{"start":{"line":134,"column":15},"end":{"line":134,"column":16}},"loc":{"start":{"line":134,"column":29},"end":{"line":145,"column":11}},"line":134},"19":{"name":"(anonymous_19)","decl":{"start":{"line":148,"column":52},"end":{"line":148,"column":53}},"loc":{"start":{"line":148,"column":60},"end":{"line":166,"column":7}},"line":148},"20":{"name":"(anonymous_20)","decl":{"start":{"line":153,"column":15},"end":{"line":153,"column":16}},"loc":{"start":{"line":153,"column":29},"end":{"line":165,"column":11}},"line":153},"21":{"name":"(anonymous_21)","decl":{"start":{"line":168,"column":44},"end":{"line":168,"column":45}},"loc":{"start":{"line":168,"column":52},"end":{"line":187,"column":7}},"line":168},"22":{"name":"(anonymous_22)","decl":{"start":{"line":173,"column":15},"end":{"line":173,"column":16}},"loc":{"start":{"line":173,"column":29},"end":{"line":186,"column":11}},"line":173},"23":{"name":"(anonymous_23)","decl":{"start":{"line":189,"column":60},"end":{"line":189,"column":61}},"loc":{"start":{"line":189,"column":68},"end":{"line":208,"column":7}},"line":189},"24":{"name":"(anonymous_24)","decl":{"start":{"line":194,"column":15},"end":{"line":194,"column":16}},"loc":{"start":{"line":194,"column":29},"end":{"line":207,"column":11}},"line":194},"25":{"name":"(anonymous_25)","decl":{"start":{"line":211,"column":49},"end":{"line":211,"column":50}},"loc":{"start":{"line":211,"column":57},"end":{"line":226,"column":5}},"line":211},"26":{"name":"(anonymous_26)","decl":{"start":{"line":217,"column":13},"end":{"line":217,"column":14}},"loc":{"start":{"line":217,"column":27},"end":{"line":225,"column":9}},"line":217}},"branchMap":{},"s":{"0":1,"1":1,"2":1,"3":1,"4":1,"5":1,"6":1,"7":1,"8":1,"9":1,"10":1,"11":1,"12":1,"13":1,"14":1,"15":1,"16":1,"17":1,"18":1,"19":1,"20":1,"21":1,"22":1,"23":1,"24":1,"25":1,"26":1,"27":1,"28":1,"29":1,"30":1,"31":1,"32":1,"33":1,"34":1,"35":1,"36":1,"37":1,"38":1,"39":1,"40":1,"41":1,"42":1,"43":1,"44":1,"45":1,"46":1,"47":1,"48":1,"49":1,"50":1,"51":1,"52":1,"53":1,"54":1,"55":1,"56":1,"57":1,"58":1,"59":1,"60":1,"61":1,"62":1,"63":1,"64":1,"65":1,"66":1,"67":1,"68":1,"69":1,"70":1,"71":1,"72":1,"73":1,"74":1,"75":1,"76":1,"77":1,"78":1,"79":1,"80":1,"81":1,"82":1,"83":1,"84":1,"85":1,"86":1,"87":1,"88":1,"89":1,"90":1,"91":1,"92":1,"93":1,"94":1,"95":1,"96":1,"97":1,"98":1,"99":1,"100":1,"101":1,"102":1,"103":1,"104":1,"105":1,"106":1,"107":1},"f":{"0":1,"1":1,"2":1,"3":1,"4":1,"5":1,"6":1,"7":1,"8":1,"9":1,"10":1,"11":1,"12":1,"13":1,"14":1,"15":1,"16":1,"17":1,"18":1,"19":1,"20":1,"21":1,"22":1,"23":1,"24":1,"25":1,"26":1},"b":{},"_coverageSchema":"43e27e138ebf9cfc5966b082cf9a028302ed4184","hash":"0200b9607f7442a8041cf971b299b1ecfa59e3ec","contentHash":"53e78e63a3e3de6d83582bc91a46d5323d8b6321335181b836b9852bcb3df6f6"},"/Users/piotrsikora/__special/OSBZB/bzbeelder-be/core/modules/user/controllers/AuthCtrl.spec.js":{"path":"/Users/piotrsikora/__special/OSBZB/bzbeelder-be/core/modules/user/controllers/AuthCtrl.spec.js","statementMap":{},"fnMap":{},"branchMap":{},"s":{},"f":{},"b":{},"_coverageSchema":"43e27e138ebf9cfc5966b082cf9a028302ed4184","hash":"05224be6fa3f4eef5a768b6c96997e449f5dadc9","contentHash":"49f228e94cecb35a3a2499dd95e1067c9621060c1fea50de1341adf9b957f308"},"/Users/piotrsikora/__special/OSBZB/bzbeelder-be/core/modules/user/controllers/UserCtrl.spec.js":{"path":"/Users/piotrsikora/__special/OSBZB/bzbeelder-be/core/modules/user/controllers/UserCtrl.spec.js","statementMap":{},"fnMap":{},"branchMap":{},"s":{},"f":{},"b":{},"_coverageSchema":"43e27e138ebf9cfc5966b082cf9a028302ed4184","hash":"936ac04e6591d2d0dc5150be623a53ef41751c64","contentHash":"3bcc8d1adef62c1ee6ef00a52fd02d6faf3464b14579383fa460eebf6a1184b5"},"/Users/piotrsikora/__special/OSBZB/bzbeelder-be/core/modules/user/helpers/AuthHelper.spec.js":{"path":"/Users/piotrsikora/__special/OSBZB/bzbeelder-be/core/modules/user/helpers/AuthHelper.spec.js","statementMap":{},"fnMap":{},"branchMap":{},"s":{},"f":{},"b":{},"_coverageSchema":"43e27e138ebf9cfc5966b082cf9a028302ed4184","hash":"160139c164321833e785e50cb7f68ed5c35201a6","contentHash":"5a826f766bdd8b9d125e56f4f3cf55cf2b67f1d9459c70db3ff12c965f536eb9"}}